#
# A fatal error has been detected by the Java Runtime Environment:
#
#  EXCEPTION_ACCESS_VIOLATION (0xc0000005) at pc=0x0000000066bcbd0d, pid=3404, tid=0x00000000000027ac
#
# JRE version: OpenJDK Runtime Environment (8.0_152-b06) (build 1.8.0_152-release-1136-b06)
# Java VM: OpenJDK 64-Bit Server VM (25.152-b06 mixed mode windows-amd64 compressed oops)
# Problematic frame:
# C  [gdx-box2d64.dll+0xbd0d]
#
# Failed to write core dump. Minidumps are not enabled by default on client versions of Windows
#
# If you would like to submit a bug report, please visit:
#   http://bugreport.java.com/bugreport/crash.jsp
# The crash happened outside the Java Virtual Machine in native code.
# See problematic frame for where to report the bug.
#

---------------  T H R E A D  ---------------

Current thread (0x0000000019c1c800):  JavaThread "LWJGL Application" [_thread_in_native, id=10156, stack(0x000000001aa30000,0x000000001ab30000)]

siginfo: ExceptionCode=0xc0000005, reading address 0x000000201b53a270

Registers:
RAX=0x000000201b53a270, RBX=0x000000001b50c6c0, RCX=0x000000001b50c690, RDX=0x00000000000000b8
RSP=0x000000001ab2ee30, RBP=0x0000000000000006, RSI=0x000000001b50c690, RDI=0x000000001ab2eef0
R8 =0x000000001b50c690, R9 =0x0000000000000002, R10=0x0000000000000000, R11=0x0000000000000001
R12=0x0000000000000000, R13=0x0000000020831df0, R14=0x000000001ab2f0e0, R15=0x0000000019c1c800
RIP=0x0000000066bcbd0d, EFLAGS=0x0000000000010202

Top of Stack: (sp=0x000000001ab2ee30)
0x000000001ab2ee30:   0000000020831df0 0000000019c1c800
0x000000001ab2ee40:   0000000069b9f678 0000000019cb95b0
0x000000001ab2ee50:   0000000000000012 000000001b50c690
0x000000001ab2ee60:   00000000174d5858 000000001ab2eef0
0x000000001ab2ee70:   000000001ab2f038 0000000000000000
0x000000001ab2ee80:   0000000020831df0 0000000066be2483
0x000000001ab2ee90:   000000001ab2ef30 000000001ab2ef30
0x000000001ab2eea0:   0000000000000003 0000000020831df0
0x000000001ab2eeb0:   0000000000000001 00000000174d5858
0x000000001ab2eec0:   0000000002cf7870 0000000066be8616
0x000000001ab2eed0:   0000000000000000 0000000002cf7870
0x000000001ab2eee0:   000000001ab2f038 0000000002cf54d8
0x000000001ab2eef0:   411d1eb100000002 00000000412947a6
0x000000001ab2ef00:   0000000000000000 0000000000000000
0x000000001ab2ef10:   0000010100000000 000000001ab2f001
0x000000001ab2ef20:   0000000000000000 000000003f800000 

Instructions: (pc=0x0000000066bcbd0d)
0x0000000066bcbced:   48 8d 05 6c a3 05 00 0f b6 1c 18 80 fb 0d 0f b6
0x0000000066bcbcfd:   eb 77 21 48 8d 1c de 48 8b 43 10 48 85 c0 74 3a
0x0000000066bcbd0d:   48 8b 10 48 89 53 10 48 83 c4 28 5b 5e 5f 5d 41
0x0000000066bcbd1d:   5c 41 5d c3 48 8d 15 18 9e 04 00 48 8d 0d 99 9e 


Register to memory mapping:

RAX=0x000000201b53a270 is an unknown value
RBX=0x000000001b50c6c0 is an unknown value
RCX=0x000000001b50c690 is an unknown value
RDX=0x00000000000000b8 is an unknown value
RSP=0x000000001ab2ee30 is pointing into the stack for thread: 0x0000000019c1c800
RBP=0x0000000000000006 is an unknown value
RSI=0x000000001b50c690 is an unknown value
RDI=0x000000001ab2eef0 is pointing into the stack for thread: 0x0000000019c1c800
R8 =0x000000001b50c690 is an unknown value
R9 =0x0000000000000002 is an unknown value
R10=0x0000000000000000 is an unknown value
R11=0x0000000000000001 is an unknown value
R12=0x0000000000000000 is an unknown value
R13={method} {0x0000000020831df8} 'jniCreateBody' '(JIFFFFFFFFZZZZZF)J' in 'com/badlogic/gdx/physics/box2d/World'
R14=0x000000001ab2f0e0 is pointing into the stack for thread: 0x0000000019c1c800
R15=0x0000000019c1c800 is a thread


Stack: [0x000000001aa30000,0x000000001ab30000],  sp=0x000000001ab2ee30,  free space=1019k
Native frames: (J=compiled Java code, j=interpreted, Vv=VM code, C=native code)
C  [gdx-box2d64.dll+0xbd0d]
C  [gdx-box2d64.dll+0x22483]
C  [gdx-box2d64.dll+0x28616]
C  0x0000000002d089a7

Java frames: (J=compiled Java code, j=interpreted, Vv=VM code)
j  com.badlogic.gdx.physics.box2d.World.jniCreateBody(JIFFFFFFFFZZZZZF)J+0
j  com.badlogic.gdx.physics.box2d.World.createBody(Lcom/badlogic/gdx/physics/box2d/BodyDef;)Lcom/badlogic/gdx/physics/box2d/Body;+80
j  mx.itesm.naughty.Sprites.Items.Bala.defineFireBall()V+67
j  mx.itesm.naughty.Sprites.Items.Bala.<init>(Lmx/itesm/naughty/Screens/PlayScreen;FFZ)V+106
j  mx.itesm.naughty.Sprites.Player.fire()V+44
j  mx.itesm.naughty.Screens.PlayScreen$6.touchDown(Lcom/badlogic/gdx/scenes/scene2d/InputEvent;FFII)Z+7
J 1362 C2 com.badlogic.gdx.scenes.scene2d.InputListener.handle(Lcom/badlogic/gdx/scenes/scene2d/Event;)Z (320 bytes) @ 0x00000000031c35c0 [0x00000000031c32e0+0x2e0]
J 1417 C2 com.badlogic.gdx.scenes.scene2d.Actor.notify(Lcom/badlogic/gdx/scenes/scene2d/Event;Z)Z (180 bytes) @ 0x00000000031ee788 [0x00000000031ee680+0x108]
J 924 C1 com.badlogic.gdx.scenes.scene2d.Actor.fire(Lcom/badlogic/gdx/scenes/scene2d/Event;)Z (294 bytes) @ 0x000000000307efb4 [0x000000000307de00+0x11b4]
j  com.badlogic.gdx.scenes.scene2d.Stage.touchDown(IIII)Z+165
J 776 C1 com.badlogic.gdx.backends.lwjgl.LwjglInput.processEvents()V (478 bytes) @ 0x000000000301aa0c [0x0000000003019ba0+0xe6c]
j  com.badlogic.gdx.backends.lwjgl.LwjglApplication.mainLoop()V+600
j  com.badlogic.gdx.backends.lwjgl.LwjglApplication$1.run()V+27
v  ~StubRoutines::call_stub

---------------  P R O C E S S  ---------------

Java Threads: ( => current thread )
  0x0000000019f3e000 JavaThread "AsynchExecutor-Thread" daemon [_thread_blocked, id=7012, stack(0x000000001f4d0000,0x000000001f5d0000)]
  0x0000000019fe3800 JavaThread "LWJGL Timer" daemon [_thread_blocked, id=9792, stack(0x000000001e5b0000,0x000000001e6b0000)]
  0x0000000019da1000 JavaThread "AsynchExecutor-Thread" daemon [_thread_blocked, id=8100, stack(0x000000001b2b0000,0x000000001b3b0000)]
  0x0000000002bf4800 JavaThread "DestroyJavaVM" [_thread_blocked, id=8092, stack(0x00000000028c0000,0x00000000029c0000)]
=>0x0000000019c1c800 JavaThread "LWJGL Application" [_thread_in_native, id=10156, stack(0x000000001aa30000,0x000000001ab30000)]
  0x0000000018fbe800 JavaThread "Service Thread" daemon [_thread_blocked, id=4292, stack(0x0000000019670000,0x0000000019770000)]
  0x0000000018fb8000 JavaThread "C1 CompilerThread2" daemon [_thread_blocked, id=13168, stack(0x0000000019570000,0x0000000019670000)]
  0x0000000018fb3000 JavaThread "C2 CompilerThread1" daemon [_thread_blocked, id=12728, stack(0x0000000019470000,0x0000000019570000)]
  0x0000000018f5b800 JavaThread "C2 CompilerThread0" daemon [_thread_blocked, id=10796, stack(0x0000000019370000,0x0000000019470000)]
  0x0000000018ee1000 JavaThread "Monitor Ctrl-Break" daemon [_thread_in_native, id=11224, stack(0x0000000019270000,0x0000000019370000)]
  0x000000001781c800 JavaThread "Attach Listener" daemon [_thread_blocked, id=9080, stack(0x0000000018d70000,0x0000000018e70000)]
  0x000000001781a800 JavaThread "Signal Dispatcher" daemon [_thread_blocked, id=12128, stack(0x0000000018c70000,0x0000000018d70000)]
  0x00000000177fd000 JavaThread "Finalizer" daemon [_thread_blocked, id=7524, stack(0x0000000018a70000,0x0000000018b70000)]
  0x0000000002ce6000 JavaThread "Reference Handler" daemon [_thread_blocked, id=6492, stack(0x0000000018970000,0x0000000018a70000)]

Other Threads:
  0x00000000177d5000 VMThread [stack: 0x0000000018870000,0x0000000018970000] [id=8140]
  0x0000000018fc0800 WatcherThread [stack: 0x0000000019770000,0x0000000019870000] [id=10020]

VM state:not at safepoint (normal execution)

VM Mutex/Monitor currently owned by a thread: None

Heap:
 PSYoungGen      total 38400K, used 9539K [0x00000000d5f80000, 0x00000000d8a00000, 0x0000000100000000)
  eden space 33280K, 13% used [0x00000000d5f80000,0x00000000d63d53b0,0x00000000d8000000)
  from space 5120K, 99% used [0x00000000d8000000,0x00000000d84fb9a0,0x00000000d8500000)
  to   space 5120K, 0% used [0x00000000d8500000,0x00000000d8500000,0x00000000d8a00000)
 ParOldGen       total 87552K, used 205K [0x0000000081e00000, 0x0000000087380000, 0x00000000d5f80000)
  object space 87552K, 0% used [0x0000000081e00000,0x0000000081e33438,0x0000000087380000)
 Metaspace       used 9644K, capacity 9803K, committed 9984K, reserved 1058816K
  class space    used 897K, capacity 950K, committed 1024K, reserved 1048576K

Card table byte_map: [0x00000000120b0000,0x00000000124b0000] byte_map_base: 0x0000000011ca1000

Marking Bits: (ParMarkBitMap*) 0x0000000069d65aa0
 Begin Bits: [0x0000000012b60000, 0x0000000014ae8000)
 End Bits:   [0x0000000014ae8000, 0x0000000016a70000)

Polling page: 0x0000000001060000

CodeCache: size=245760Kb used=5287Kb max_used=5299Kb free=240472Kb
 bounds [0x0000000002cf0000, 0x0000000003230000, 0x0000000011cf0000]
 total_blobs=1969 nmethods=1459 adapters=424
 compilation: enabled

Compilation events (10 events):
Event: 41.567 Thread 0x0000000018fb8000 1466       3       com.badlogic.gdx.utils.DelayedRemovalArray::begin (11 bytes)
Event: 41.567 Thread 0x0000000018fb8000 nmethod 1466 0x000000000320acd0 code [0x000000000320ae20, 0x000000000320af70]
Event: 41.568 Thread 0x0000000018fb8000 1467       3       com.badlogic.gdx.utils.DelayedRemovalArray::end (138 bytes)
Event: 41.570 Thread 0x0000000018fb8000 nmethod 1467 0x000000000321d510 code [0x000000000321d740, 0x000000000321e218]
Event: 41.818 Thread 0x0000000018f5b800 1468       4       com.badlogic.gdx.graphics.g2d.SpriteBatch::begin (65 bytes)
Event: 41.818 Thread 0x0000000018fb3000 1469       4       com.badlogic.gdx.graphics.g2d.SpriteBatch::end (90 bytes)
Event: 41.829 Thread 0x0000000018f5b800 nmethod 1468 0x000000000320bc10 code [0x000000000320bda0, 0x000000000320c0a8]
Event: 41.831 Thread 0x0000000018fb3000 nmethod 1469 0x000000000321f490 code [0x000000000321f640, 0x000000000321f9f0]
Event: 42.000 Thread 0x0000000018f5b800 1470   !   4       org.lwjgl.opengl.Display::isFullscreen (34 bytes)
Event: 42.003 Thread 0x0000000018f5b800 nmethod 1470 0x000000000320b710 code [0x000000000320b860, 0x000000000320ba98]

GC Heap History (2 events):
Event: 25.167 GC heap before
{Heap before GC invocations=1 (full 0):
 PSYoungGen      total 38400K, used 33280K [0x00000000d5f80000, 0x00000000d8a00000, 0x0000000100000000)
  eden space 33280K, 100% used [0x00000000d5f80000,0x00000000d8000000,0x00000000d8000000)
  from space 5120K, 0% used [0x00000000d8500000,0x00000000d8500000,0x00000000d8a00000)
  to   space 5120K, 0% used [0x00000000d8000000,0x00000000d8000000,0x00000000d8500000)
 ParOldGen       total 87552K, used 0K [0x0000000081e00000, 0x0000000087380000, 0x00000000d5f80000)
  object space 87552K, 0% used [0x0000000081e00000,0x0000000081e00000,0x0000000087380000)
 Metaspace       used 9011K, capacity 9157K, committed 9344K, reserved 1058816K
  class space    used 845K, capacity 885K, committed 896K, reserved 1048576K
Event: 25.187 GC heap after
Heap after GC invocations=1 (full 0):
 PSYoungGen      total 38400K, used 5102K [0x00000000d5f80000, 0x00000000d8a00000, 0x0000000100000000)
  eden space 33280K, 0% used [0x00000000d5f80000,0x00000000d5f80000,0x00000000d8000000)
  from space 5120K, 99% used [0x00000000d8000000,0x00000000d84fb9a0,0x00000000d8500000)
  to   space 5120K, 0% used [0x00000000d8500000,0x00000000d8500000,0x00000000d8a00000)
 ParOldGen       total 87552K, used 205K [0x0000000081e00000, 0x0000000087380000, 0x00000000d5f80000)
  object space 87552K, 0% used [0x0000000081e00000,0x0000000081e33438,0x0000000087380000)
 Metaspace       used 9011K, capacity 9157K, committed 9344K, reserved 1058816K
  class space    used 845K, capacity 885K, committed 896K, reserved 1048576K
}

Deoptimization events (10 events):
Event: 25.070 Thread 0x0000000019c1c800 Uncommon trap: reason=unstable_if action=reinterpret pc=0x00000000030f1a20 method=java.util.concurrent.FutureTask.isDone()Z @ 4
Event: 25.085 Thread 0x0000000019c1c800 Uncommon trap: reason=unstable_if action=reinterpret pc=0x00000000030ebc84 method=com.badlogic.gdx.assets.AssetLoadingTask.handleAsyncLoader()V @ 12
Event: 25.098 Thread 0x0000000019c1c800 Uncommon trap: reason=unstable_if action=reinterpret pc=0x00000000030f52b8 method=com.badlogic.gdx.assets.AssetLoadingTask.handleAsyncLoader()V @ 12
Event: 25.224 Thread 0x0000000019c1c800 Uncommon trap: reason=unstable_if action=reinterpret pc=0x0000000003103c6c method=com.badlogic.gdx.assets.AssetLoadingTask.handleAsyncLoader()V @ 230
Event: 25.409 Thread 0x0000000019c1c800 Uncommon trap: reason=unstable_if action=reinterpret pc=0x0000000003063e78 method=com.badlogic.gdx.scenes.scene2d.ui.WidgetGroup.validate()V @ 17
Event: 26.867 Thread 0x0000000019c1c800 Uncommon trap: reason=unstable_if action=reinterpret pc=0x000000000316af20 method=com.badlogic.gdx.scenes.scene2d.ui.ImageButton.updateImage()V @ 72
Event: 30.664 Thread 0x0000000019c1c800 Uncommon trap: reason=unstable_if action=reinterpret pc=0x00000000031912ac method=com.badlogic.gdx.utils.Array.contains(Ljava/lang/Object;Z)Z @ 34
Event: 30.665 Thread 0x0000000019c1c800 Uncommon trap: reason=unstable_if action=reinterpret pc=0x00000000031851f8 method=com.badlogic.gdx.utils.Array.contains(Ljava/lang/Object;Z)Z @ 34
Event: 33.593 Thread 0x0000000019c1c800 Uncommon trap: reason=unstable_if action=reinterpret pc=0x00000000031d1188 method=mx.itesm.naughty.Sprites.Enemies.DeathGul.update(F)V @ 14
Event: 33.593 Thread 0x0000000019c1c800 Uncommon trap: reason=unstable_if action=reinterpret pc=0x00000000031e81dc method=mx.itesm.naughty.Sprites.Enemies.DeathGul.draw(Lcom/badlogic/gdx/graphics/g2d/Batch;)V @ 4

Classes redefined (0 events):
No events

Internal exceptions (10 events):
Event: 0.508 Thread 0x0000000002bf4800 Exception <a 'java/security/PrivilegedActionException'> (0x00000000d6417180) thrown at [D:\src\AOSP-openjdk-cygwin\jdk8u\hotspot\src\share\vm\prims\jvm.cpp, line 1390]
Event: 0.508 Thread 0x0000000002bf4800 Exception <a 'java/security/PrivilegedActionException'> (0x00000000d6417390) thrown at [D:\src\AOSP-openjdk-cygwin\jdk8u\hotspot\src\share\vm\prims\jvm.cpp, line 1390]
Event: 0.508 Thread 0x0000000002bf4800 Exception <a 'java/security/PrivilegedActionException'> (0x00000000d64188c8) thrown at [D:\src\AOSP-openjdk-cygwin\jdk8u\hotspot\src\share\vm\prims\jvm.cpp, line 1390]
Event: 0.508 Thread 0x0000000002bf4800 Exception <a 'java/security/PrivilegedActionException'> (0x00000000d6418ad8) thrown at [D:\src\AOSP-openjdk-cygwin\jdk8u\hotspot\src\share\vm\prims\jvm.cpp, line 1390]
Event: 1.014 Thread 0x0000000002bf4800 Exception <a 'java/security/PrivilegedActionException'> (0x00000000d66aaf68) thrown at [D:\src\AOSP-openjdk-cygwin\jdk8u\hotspot\src\share\vm\prims\jvm.cpp, line 1390]
Event: 1.014 Thread 0x0000000002bf4800 Exception <a 'java/security/PrivilegedActionException'> (0x00000000d66acc68) thrown at [D:\src\AOSP-openjdk-cygwin\jdk8u\hotspot\src\share\vm\prims\jvm.cpp, line 1390]
Event: 1.014 Thread 0x0000000002bf4800 Exception <a 'java/security/PrivilegedActionException'> (0x00000000d66addd8) thrown at [D:\src\AOSP-openjdk-cygwin\jdk8u\hotspot\src\share\vm\prims\jvm.cpp, line 1390]
Event: 1.015 Thread 0x0000000002bf4800 Exception <a 'java/security/PrivilegedActionException'> (0x00000000d66b3318) thrown at [D:\src\AOSP-openjdk-cygwin\jdk8u\hotspot\src\share\vm\prims\jvm.cpp, line 1390]
Event: 1.015 Thread 0x0000000002bf4800 Exception <a 'java/security/PrivilegedActionException'> (0x00000000d66b3f70) thrown at [D:\src\AOSP-openjdk-cygwin\jdk8u\hotspot\src\share\vm\prims\jvm.cpp, line 1390]
Event: 1.015 Thread 0x0000000002bf4800 Exception <a 'java/security/PrivilegedActionException'> (0x00000000d66b4b98) thrown at [D:\src\AOSP-openjdk-cygwin\jdk8u\hotspot\src\share\vm\prims\jvm.cpp, line 1390]

Events (10 events):
Event: 33.593 Thread 0x0000000019c1c800 Uncommon trap: trap_request=0xffffff65 fr.pc=0x00000000031e81dc
Event: 33.593 Thread 0x0000000019c1c800 DEOPT PACKING pc=0x00000000031e81dc sp=0x000000001ab2f3c0
Event: 33.593 Thread 0x0000000019c1c800 DEOPT UNPACKING pc=0x0000000002d3557b sp=0x000000001ab2f398 mode 2
Event: 39.637 Thread 0x0000000018fb8000 flushing nmethod 0x0000000002df2450
Event: 39.637 Thread 0x0000000018fb8000 flushing nmethod 0x0000000002dfaad0
Event: 39.637 Thread 0x0000000018fb8000 flushing nmethod 0x0000000002dfcd90
Event: 39.637 Thread 0x0000000018fb8000 flushing nmethod 0x0000000002e03250
Event: 39.637 Thread 0x0000000018fb8000 flushing nmethod 0x0000000002e0b1d0
Event: 42.134 loading class mx/itesm/naughty/Sprites/Items/Bala
Event: 42.134 loading class mx/itesm/naughty/Sprites/Items/Bala done


Dynamic libraries:
0x00007ff6c8500000 - 0x00007ff6c8531000 	C:\Program Files\Android\Android Studio\jre\bin\java.exe
0x00007ffb312b0000 - 0x00007ffb3145c000 	C:\Windows\SYSTEM32\ntdll.dll
0x00007ffb2feb0000 - 0x00007ffb2ffee000 	C:\Windows\system32\KERNEL32.DLL
0x00007ffb2e530000 - 0x00007ffb2e645000 	C:\Windows\system32\KERNELBASE.dll
0x00007ffb30e30000 - 0x00007ffb30eda000 	C:\Windows\system32\ADVAPI32.dll
0x00007ffb30430000 - 0x00007ffb305a7000 	C:\Windows\system32\USER32.dll
0x00007ffb2bdf0000 - 0x00007ffb2c06b000 	C:\Windows\WinSxS\amd64_microsoft.windows.common-controls_6595b64144ccf1df_6.0.9600.17415_none_6240486fecbd8abb\COMCTL32.dll
0x00007ffb305c0000 - 0x00007ffb3066a000 	C:\Windows\system32\msvcrt.dll
0x00007ffb30ee0000 - 0x00007ffb30f39000 	C:\Windows\SYSTEM32\sechost.dll
0x00007ffb308d0000 - 0x00007ffb30a11000 	C:\Windows\system32\RPCRT4.dll
0x00007ffb30140000 - 0x00007ffb30291000 	C:\Windows\system32\GDI32.dll
0x00007ffb30f40000 - 0x00007ffb30f76000 	C:\Windows\system32\IMM32.DLL
0x00007ffb302d0000 - 0x00007ffb30423000 	C:\Windows\system32\MSCTF.dll
0x00007ffb2d660000 - 0x00007ffb2d692000 	C:\Windows\SYSTEM32\ntmarta.dll
0x00007ffb2e2a0000 - 0x00007ffb2e2ce000 	C:\Windows\SYSTEM32\SspiCli.dll
0x00000000693e0000 - 0x00000000694b2000 	C:\Program Files\Android\Android Studio\jre\jre\bin\msvcr100.dll
0x00000000695a0000 - 0x0000000069de1000 	C:\Program Files\Android\Android Studio\jre\jre\bin\server\jvm.dll
0x00007ffb186e0000 - 0x00007ffb186e9000 	C:\Windows\SYSTEM32\WSOCK32.dll
0x00007ffb27f70000 - 0x00007ffb27f92000 	C:\Windows\SYSTEM32\WINMM.dll
0x00007ffb29ab0000 - 0x00007ffb29aba000 	C:\Windows\SYSTEM32\VERSION.dll
0x00007ffb302c0000 - 0x00007ffb302c7000 	C:\Windows\system32\PSAPI.DLL
0x00007ffb31130000 - 0x00007ffb3118a000 	C:\Windows\system32\WS2_32.dll
0x00007ffb27c70000 - 0x00007ffb27c9a000 	C:\Windows\SYSTEM32\WINMMBASE.dll
0x00007ffb30a20000 - 0x00007ffb30a29000 	C:\Windows\system32\NSI.dll
0x00007ffb2e650000 - 0x00007ffb2e69f000 	C:\Windows\SYSTEM32\cfgmgr32.dll
0x00007ffb2d1d0000 - 0x00007ffb2d1f8000 	C:\Windows\SYSTEM32\DEVOBJ.dll
0x00007ffb2b780000 - 0x00007ffb2b78f000 	C:\Program Files\Android\Android Studio\jre\jre\bin\verify.dll
0x00007ffb1f020000 - 0x00007ffb1f049000 	C:\Program Files\Android\Android Studio\jre\jre\bin\java.dll
0x00007ffb1b540000 - 0x00007ffb1b563000 	C:\Program Files\Android\Android Studio\jre\jre\bin\instrument.dll
0x00007ffb1f090000 - 0x00007ffb1f0a6000 	C:\Program Files\Android\Android Studio\jre\jre\bin\zip.dll
0x00007ffb2e990000 - 0x00007ffb2fea9000 	C:\Windows\system32\SHELL32.dll
0x00007ffb30a30000 - 0x00007ffb30c41000 	C:\Windows\SYSTEM32\combase.dll
0x00007ffb2e930000 - 0x00007ffb2e984000 	C:\Windows\system32\SHLWAPI.dll
0x00007ffb2c9a0000 - 0x00007ffb2ca52000 	C:\Windows\SYSTEM32\SHCORE.dll
0x00007ffb2e400000 - 0x00007ffb2e415000 	C:\Windows\SYSTEM32\profapi.dll
0x00007ffb1b520000 - 0x00007ffb1b53a000 	C:\Program Files\Android\Android Studio\bin\breakgen64.dll
0x00007ffb1d260000 - 0x00007ffb1d27a000 	C:\Program Files\Android\Android Studio\jre\jre\bin\net.dll
0x00007ffb2dce0000 - 0x00007ffb2dd39000 	C:\Windows\system32\mswsock.dll
0x0000000065580000 - 0x0000000065616000 	C:\Users\Erick Bautista\AppData\Local\Temp\libgdxErick Bautista\12dfaa03\gdx64.dll
0x00007ffb2dd40000 - 0x00007ffb2dd60000 	C:\Windows\SYSTEM32\CRYPTSP.dll
0x00007ffb2d910000 - 0x00007ffb2d946000 	C:\Windows\system32\rsaenh.dll
0x00007ffb2df90000 - 0x00007ffb2dfb6000 	C:\Windows\SYSTEM32\bcrypt.dll
0x00007ffb2da20000 - 0x00007ffb2da41000 	C:\Windows\SYSTEM32\USERENV.dll
0x00007ffb2e2d0000 - 0x00007ffb2e333000 	C:\Windows\system32\bcryptprimitives.dll
0x00007ffb2e340000 - 0x00007ffb2e34b000 	C:\Windows\SYSTEM32\CRYPTBASE.dll
0x00007ffb28590000 - 0x00007ffb285ba000 	C:\Windows\SYSTEM32\IPHLPAPI.DLL
0x00007ffb28570000 - 0x00007ffb2857a000 	C:\Windows\SYSTEM32\WINNSI.DLL
0x00007ffb27ca0000 - 0x00007ffb27cb6000 	C:\Windows\SYSTEM32\dhcpcsvc6.DLL
0x00007ffb27f50000 - 0x00007ffb27f6a000 	C:\Windows\SYSTEM32\dhcpcsvc.DLL
0x00007ffb1d240000 - 0x00007ffb1d251000 	C:\Program Files\Android\Android Studio\jre\jre\bin\nio.dll
0x0000000180000000 - 0x0000000180053000 	C:\Users\Erick Bautista\AppData\Local\Temp\libgdxErick Bautista\dc0f0009\lwjgl64.dll
0x00007ffb19230000 - 0x00007ffb1935b000 	C:\Windows\SYSTEM32\OPENGL32.dll
0x00007ffb19200000 - 0x00007ffb1922e000 	C:\Windows\SYSTEM32\GLU32.dll
0x00007ffb19100000 - 0x00007ffb191f8000 	C:\Windows\SYSTEM32\DDRAW.dll
0x00007ffb190f0000 - 0x00007ffb190f9000 	C:\Windows\SYSTEM32\DCIMAN32.dll
0x000000001a350000 - 0x000000001a3b4000 	C:\Users\ERICKB~1\AppData\Local\Temp\libgdxErick Bautista\dc0f0009\OpenAL64.dll
0x00007ffb30670000 - 0x00007ffb30804000 	C:\Windows\system32\ole32.dll
0x00007ffb2d200000 - 0x00007ffb2d20b000 	C:\Windows\SYSTEM32\kernel.appcore.dll
0x00007ffb2d020000 - 0x00007ffb2d149000 	C:\Windows\system32\uxtheme.dll
0x00007ffb30810000 - 0x00007ffb308c6000 	C:\Windows\SYSTEM32\clbcatq.dll
0x00007ffb0ba70000 - 0x00007ffb0bb0d000 	C:\Windows\SYSTEM32\dsound.dll
0x00007ffb2da50000 - 0x00007ffb2da96000 	C:\Windows\SYSTEM32\POWRPROF.dll
0x00007ffb2b700000 - 0x00007ffb2b770000 	C:\Windows\System32\MMDevApi.dll
0x00007ffb27980000 - 0x00007ffb279fe000 	C:\Windows\SYSTEM32\AUDIOSES.DLL
0x00007ffb30070000 - 0x00007ffb30131000 	C:\Windows\system32\OLEAUT32.dll
0x00007ffb2c7a0000 - 0x00007ffb2c7c1000 	C:\Windows\system32\dwmapi.dll
0x00007ffb09ec0000 - 0x00007ffb0a7ef000 	C:\Windows\SYSTEM32\ig75icd64.dll
0x00007ffb28d70000 - 0x00007ffb29755000 	C:\Windows\SYSTEM32\igdusc64.dll
0x00007ffb2b9f0000 - 0x00007ffb2ba02000 	C:\Windows\SYSTEM32\WTSAPI32.dll
0x00007ffb248e0000 - 0x00007ffb24972000 	C:\Windows\SYSTEM32\mscms.dll
0x00007ffb1b110000 - 0x00007ffb1b151000 	C:\Windows\SYSTEM32\icm32.dll
0x0000000066bc0000 - 0x0000000066c7b000 	C:\Users\Erick Bautista\AppData\Local\Temp\libgdxErick Bautista\54593449\gdx-box2d64.dll
0x00007ffb153b0000 - 0x00007ffb1553a000 	C:\Windows\SYSTEM32\dbghelp.dll

VM Arguments:
jvm_args: -javaagent:C:\Program Files\Android\Android Studio\lib\idea_rt.jar=54783:C:\Program Files\Android\Android Studio\bin -Dfile.encoding=UTF-8 
java_command: mx.itesm.naughty.desktop.DesktopLauncher
java_class_path (initial): C:\Program Files\Android\Android Studio\jre\jre\lib\charsets.jar;C:\Program Files\Android\Android Studio\jre\jre\lib\ext\access-bridge-64.jar;C:\Program Files\Android\Android Studio\jre\jre\lib\ext\cldrdata.jar;C:\Program Files\Android\Android Studio\jre\jre\lib\ext\dnsns.jar;C:\Program Files\Android\Android Studio\jre\jre\lib\ext\jaccess.jar;C:\Program Files\Android\Android Studio\jre\jre\lib\ext\localedata.jar;C:\Program Files\Android\Android Studio\jre\jre\lib\ext\nashorn.jar;C:\Program Files\Android\Android Studio\jre\jre\lib\ext\sunec.jar;C:\Program Files\Android\Android Studio\jre\jre\lib\ext\sunjce_provider.jar;C:\Program Files\Android\Android Studio\jre\jre\lib\ext\sunmscapi.jar;C:\Program Files\Android\Android Studio\jre\jre\lib\ext\sunpkcs11.jar;C:\Program Files\Android\Android Studio\jre\jre\lib\ext\zipfs.jar;C:\Program Files\Android\Android Studio\jre\jre\lib\jce.jar;C:\Program Files\Android\Android Studio\jre\jre\lib\jsse.jar;C:\Program Files\Android\Android Studio\jre\jre\lib\management-agent.jar;C:\Program Files\Android\Android Studio\jre\jre\lib\resources.jar;C:\Program Files\Android\Android Studio\jre\jre\lib\rt.jar;C:\Users\Erick Bautista\Documents\KaliSad\Proyectos de Videojuegos\NaughtyScape\desktop\build\classes\java\main;C:\Users\Erick Bautista\Documents\KaliSad\Proyectos de Videojuegos\NaughtyScape\core\build\classes\java\main;C:\Users\Erick Bautista\.gradle\caches\modules-2\files-2.1\com.badlogicgames.gdx\gdx-backend-lwjgl\1.9.8\b7c138f14ed67ad830ae7597da3d86ae02b20eee\gdx-backend-lwjgl-1.9.8.jar;C:\Users\Erick Bautista\.gradle\caches\modules-2\files-2.1\com.badlogicgames.gdx\gdx-platform\1.9.8\604a2ef2c7c92a5900114757cbd3fb4dcbb8270c\gdx-platform-1.9.8-natives-desktop.jar;C:\Users\Erick Bautista\.gradle\caches\modules-2\files-2.1\com.badlogicgames.gdx\gdx-box2d-platform\1.9.8\3195b56f82751d7cd7de85edb6824d17bf479781\gdx-box2d-platform-1.9.8-natives-desktop.jar;C:\Users\Erick Bautista\.gradle\caches\modules-2\file
Launcher Type: SUN_STANDARD

Environment Variables:
PATH=C:\Program Files (x86)\Common Files\Oracle\Java\javapath;C:\Windows\system32;C:\Windows;C:\Windows\System32\Wbem;C:\Windows\System32\WindowsPowerShell\v1.0\;C:\Program Files\Microsoft VS Code\bin;C:\Program Files (x86)\Microsoft SQL Server\Client SDK\ODBC\130\Tools\Binn\;C:\Program Files (x86)\Microsoft SQL Server\140\Tools\Binn\;C:\Program Files (x86)\Microsoft SQL Server\140\DTS\Binn\;C:\Program Files (x86)\Microsoft SQL Server\140\Tools\Binn\ManagementStudio\;C:\Program Files\Microsoft SQL Server\Client SDK\ODBC\130\Tools\Binn\;C:\Program Files\Microsoft SQL Server\140\Tools\Binn\;C:\Program Files\Microsoft SQL Server\140\DTS\Binn\;C:\Program Files\nodejs\;C:\Program Files\Git\cmd;C:\Program Files\NetMake\v9\components\php;C:\Users\Erick Bautista\AppData\Local\Programs\Python\Python36\Scripts\;C:\Users\Erick Bautista\AppData\Local\Programs\Python\Python36\;C:\Users\Erick Bautista\AppData\Local\Programs\Microsoft VS Code\bin;C:\Users\Erick Bautista\AppData\Roaming\npm
USERNAME=Erick Bautista
OS=Windows_NT
PROCESSOR_IDENTIFIER=Intel64 Family 6 Model 69 Stepping 1, GenuineIntel



---------------  S Y S T E M  ---------------

OS: Windows 8.1 , 64 bit Build 9600 (6.3.9600.17415)

CPU:total 4 (initial active 4) (2 cores per cpu, 2 threads per core) family 6 model 69 stepping 1, cmov, cx8, fxsr, mmx, sse, sse2, sse3, ssse3, sse4.1, sse4.2, popcnt, avx, avx2, aes, clmul, erms, lzcnt, ht, tsc, tscinvbit, bmi1, bmi2

Memory: 4k page, physical 8257644k(2962876k free), swap 16646252k(8785900k free)

vm_info: OpenJDK 64-Bit Server VM (25.152-b06) for windows-amd64 JRE (1.8.0_152-release-1136-b06), built by "builder" with MS VC++ 10.0 (VS2010)

time: Sat Nov 17 20:26:32 2018
elapsed time: 42 seconds (0d 0h 0m 42s)

