#
# A fatal error has been detected by the Java Runtime Environment:
#
#  EXCEPTION_ACCESS_VIOLATION (0xc0000005) at pc=0x0000000066bcbd0d, pid=10476, tid=0x0000000000002acc
#
# JRE version: OpenJDK Runtime Environment (8.0_152-b06) (build 1.8.0_152-release-1136-b06)
# Java VM: OpenJDK 64-Bit Server VM (25.152-b06 mixed mode windows-amd64 compressed oops)
# Problematic frame:
# C  [gdx-box2d64.dll+0xbd0d]
#
# Failed to write core dump. Minidumps are not enabled by default on client versions of Windows
#
# If you would like to submit a bug report, please visit:
#   http://bugreport.java.com/bugreport/crash.jsp
# The crash happened outside the Java Virtual Machine in native code.
# See problematic frame for where to report the bug.
#

---------------  T H R E A D  ---------------

Current thread (0x00000000197d3800):  JavaThread "LWJGL Application" [_thread_in_native, id=10956, stack(0x000000001a6e0000,0x000000001a7e0000)]

siginfo: ExceptionCode=0xc0000005, reading address 0x000000201e5fdd30

Registers:
RAX=0x000000201e5fdd30, RBX=0x000000001e5cf7c0, RCX=0x000000001e5cf790, RDX=0x00000000000000b8
RSP=0x000000001a7dec40, RBP=0x0000000000000006, RSI=0x000000001e5cf790, RDI=0x000000001a7ded00
R8 =0x000000001e5cf790, R9 =0x0000000000000002, R10=0x0000000000000000, R11=0x0000000000000001
R12=0x0000000000000000, R13=0x0000000020785e38, R14=0x000000001a7def98, R15=0x00000000197d3800
RIP=0x0000000066bcbd0d, EFLAGS=0x0000000000010206

Top of Stack: (sp=0x000000001a7dec40)
0x000000001a7dec40:   000000001e5e8a30 000000000000034d
0x000000001a7dec50:   000000001dee9af0 0000000066bc39ae
0x000000001a7dec60:   000000001e5cf790 000000001e5cf790
0x000000001a7dec70:   0000000000000001 000000001a7ded00
0x000000001a7dec80:   000000001a7dee20 0000000000000000
0x000000001a7dec90:   0000000020785e38 0000000066be2483
0x000000001a7deca0:   0000000100000012 0000000066be0498
0x000000001a7decb0:   00007e8cd2752e08 0000000020712518
0x000000001a7decc0:   0000000000000001 0000000000000001
0x000000001a7decd0:   0000000000000001 0000000066be8616
0x000000001a7dece0:   0000000000000000 00000000197d3800
0x000000001a7decf0:   0000000000000000 00000000697a8a51
0x000000001a7ded00:   4121485c00000002 000000004090d481
0x000000001a7ded10:   0000000000000000 0000000000000000
0x000000001a7ded20:   0000010100000000 00000000d618a201
0x000000001a7ded30:   0000000000000000 000000003f800000 

Instructions: (pc=0x0000000066bcbd0d)
0x0000000066bcbced:   48 8d 05 6c a3 05 00 0f b6 1c 18 80 fb 0d 0f b6
0x0000000066bcbcfd:   eb 77 21 48 8d 1c de 48 8b 43 10 48 85 c0 74 3a
0x0000000066bcbd0d:   48 8b 10 48 89 53 10 48 83 c4 28 5b 5e 5f 5d 41
0x0000000066bcbd1d:   5c 41 5d c3 48 8d 15 18 9e 04 00 48 8d 0d 99 9e 


Register to memory mapping:

RAX=0x000000201e5fdd30 is an unknown value
RBX=0x000000001e5cf7c0 is an unknown value
RCX=0x000000001e5cf790 is an unknown value
RDX=0x00000000000000b8 is an unknown value
RSP=0x000000001a7dec40 is pointing into the stack for thread: 0x00000000197d3800
RBP=0x0000000000000006 is an unknown value
RSI=0x000000001e5cf790 is an unknown value
RDI=0x000000001a7ded00 is pointing into the stack for thread: 0x00000000197d3800
R8 =0x000000001e5cf790 is an unknown value
R9 =0x0000000000000002 is an unknown value
R10=0x0000000000000000 is an unknown value
R11=0x0000000000000001 is an unknown value
R12=0x0000000000000000 is an unknown value
R13=0x0000000020785e38 is pointing into metadata
R14=0x000000001a7def98 is pointing into the stack for thread: 0x00000000197d3800
R15=0x00000000197d3800 is a thread


Stack: [0x000000001a6e0000,0x000000001a7e0000],  sp=0x000000001a7dec40,  free space=1019k
Native frames: (J=compiled Java code, j=interpreted, Vv=VM code, C=native code)
C  [gdx-box2d64.dll+0xbd0d]
C  [gdx-box2d64.dll+0x22483]
C  [gdx-box2d64.dll+0x28616]
C  0x0000000002d5fba4

Java frames: (J=compiled Java code, j=interpreted, Vv=VM code)
J 1340  com.badlogic.gdx.physics.box2d.World.jniCreateBody(JIFFFFFFFFZZZZZF)J (0 bytes) @ 0x0000000002d5fb26 [0x0000000002d5fa80+0xa6]
J 1339 C1 com.badlogic.gdx.physics.box2d.World.createBody(Lcom/badlogic/gdx/physics/box2d/BodyDef;)Lcom/badlogic/gdx/physics/box2d/Body; (120 bytes) @ 0x0000000002d611fc [0x0000000002d61060+0x19c]
j  mx.itesm.naughty.Sprites.Items.Bala.defineFireBall()V+67
j  mx.itesm.naughty.Sprites.Items.Bala.<init>(Lmx/itesm/naughty/Screens/PlayScreen;FFZ)V+106
j  mx.itesm.naughty.Sprites.Player.fire()V+44
J 1351 C1 mx.itesm.naughty.Screens.PlayScreen$6.touchDown(Lcom/badlogic/gdx/scenes/scene2d/InputEvent;FFII)Z (22 bytes) @ 0x0000000002d60bbc [0x0000000002d60b00+0xbc]
J 1269 C2 com.badlogic.gdx.scenes.scene2d.InputListener.handle(Lcom/badlogic/gdx/scenes/scene2d/Event;)Z (320 bytes) @ 0x0000000002d29f84 [0x0000000002d29ca0+0x2e4]
J 1458 C2 com.badlogic.gdx.scenes.scene2d.Actor.notify(Lcom/badlogic/gdx/scenes/scene2d/Event;Z)Z (180 bytes) @ 0x0000000002dc08c4 [0x0000000002dc07c0+0x104]
J 1442 C1 com.badlogic.gdx.scenes.scene2d.Actor.fire(Lcom/badlogic/gdx/scenes/scene2d/Event;)Z (294 bytes) @ 0x0000000002db13b4 [0x0000000002db0200+0x11b4]
j  com.badlogic.gdx.scenes.scene2d.Stage.touchDown(IIII)Z+165
J 1315 C1 com.badlogic.gdx.backends.lwjgl.LwjglInput.processEvents()V (478 bytes) @ 0x0000000002d4c164 [0x0000000002d4b2a0+0xec4]
j  com.badlogic.gdx.backends.lwjgl.LwjglApplication.mainLoop()V+600
j  com.badlogic.gdx.backends.lwjgl.LwjglApplication$1.run()V+27
v  ~StubRoutines::call_stub

---------------  P R O C E S S  ---------------

Java Threads: ( => current thread )
  0x0000000019b12800 JavaThread "AsynchExecutor-Thread" daemon [_thread_blocked, id=13204, stack(0x00000000201c0000,0x00000000202c0000)]
  0x00000000199cc000 JavaThread "LWJGL Timer" daemon [_thread_blocked, id=12120, stack(0x000000001e6a0000,0x000000001e7a0000)]
  0x0000000019a90000 JavaThread "AsynchExecutor-Thread" daemon [_thread_blocked, id=13164, stack(0x000000001e3a0000,0x000000001e4a0000)]
  0x0000000002794800 JavaThread "DestroyJavaVM" [_thread_blocked, id=4616, stack(0x00000000024e0000,0x00000000025e0000)]
=>0x00000000197d3800 JavaThread "LWJGL Application" [_thread_in_native, id=10956, stack(0x000000001a6e0000,0x000000001a7e0000)]
  0x0000000018b6b800 JavaThread "Service Thread" daemon [_thread_blocked, id=9144, stack(0x0000000019210000,0x0000000019310000)]
  0x0000000018b5e800 JavaThread "C1 CompilerThread2" daemon [_thread_blocked, id=4612, stack(0x0000000019110000,0x0000000019210000)]
  0x0000000018b3c800 JavaThread "C2 CompilerThread1" daemon [_thread_blocked, id=11064, stack(0x0000000019010000,0x0000000019110000)]
  0x0000000018afc000 JavaThread "C2 CompilerThread0" daemon [_thread_blocked, id=10192, stack(0x0000000018f10000,0x0000000019010000)]
  0x0000000018a78000 JavaThread "Monitor Ctrl-Break" daemon [_thread_in_native, id=7088, stack(0x0000000018e10000,0x0000000018f10000)]
  0x00000000173ba800 JavaThread "Attach Listener" daemon [_thread_blocked, id=8016, stack(0x0000000018910000,0x0000000018a10000)]
  0x00000000173b9800 JavaThread "Signal Dispatcher" daemon [_thread_blocked, id=8308, stack(0x0000000018810000,0x0000000018910000)]
  0x0000000017398000 JavaThread "Finalizer" daemon [_thread_blocked, id=9412, stack(0x0000000018610000,0x0000000018710000)]
  0x0000000002883800 JavaThread "Reference Handler" daemon [_thread_blocked, id=6820, stack(0x0000000018510000,0x0000000018610000)]

Other Threads:
  0x0000000017375800 VMThread [stack: 0x0000000018410000,0x0000000018510000] [id=7172]
  0x0000000018b6d800 WatcherThread [stack: 0x0000000019310000,0x0000000019410000] [id=2876]

VM state:not at safepoint (normal execution)

VM Mutex/Monitor currently owned by a thread: None

Heap:
 PSYoungGen      total 38400K, used 11822K [0x00000000d5f80000, 0x00000000d8a00000, 0x0000000100000000)
  eden space 33280K, 20% used [0x00000000d5f80000,0x00000000d660c640,0x00000000d8000000)
  from space 5120K, 99% used [0x00000000d8000000,0x00000000d84ff568,0x00000000d8500000)
  to   space 5120K, 0% used [0x00000000d8500000,0x00000000d8500000,0x00000000d8a00000)
 ParOldGen       total 87552K, used 399K [0x0000000081e00000, 0x0000000087380000, 0x00000000d5f80000)
  object space 87552K, 0% used [0x0000000081e00000,0x0000000081e63fd0,0x0000000087380000)
 Metaspace       used 10860K, capacity 11097K, committed 11392K, reserved 1058816K
  class space    used 1019K, capacity 1087K, committed 1152K, reserved 1048576K

Card table byte_map: [0x0000000011c50000,0x0000000012050000] byte_map_base: 0x0000000011841000

Marking Bits: (ParMarkBitMap*) 0x0000000069d65aa0
 Begin Bits: [0x0000000012700000, 0x0000000014688000)
 End Bits:   [0x0000000014688000, 0x0000000016610000)

Polling page: 0x0000000000cf0000

CodeCache: size=245760Kb used=6728Kb max_used=6741Kb free=239031Kb
 bounds [0x0000000002890000, 0x0000000002f30000, 0x0000000011890000]
 total_blobs=2282 nmethods=1755 adapters=441
 compilation: enabled

Compilation events (10 events):
Event: 37.200 Thread 0x0000000018b5e800 1765       3       java.util.regex.ASCII::isType (15 bytes)
Event: 37.201 Thread 0x0000000018b5e800 nmethod 1765 0x0000000002f18190 code [0x0000000002f18300, 0x0000000002f18570]
Event: 38.096 Thread 0x0000000018b3c800 1766       4       mx.itesm.naughty.Sprites.Enemies.DeathGul::draw (22 bytes)
Event: 38.108 Thread 0x0000000018b3c800 nmethod 1766 0x0000000002f167d0 code [0x0000000002f16960, 0x0000000002f16c98]
Event: 38.678 Thread 0x0000000018afc000 1767       4       java.nio.Bits::makeInt (29 bytes)
Event: 38.679 Thread 0x0000000018afc000 nmethod 1767 0x0000000002dfe8d0 code [0x0000000002dfea00, 0x0000000002dfea58]
Event: 39.345 Thread 0x0000000018b3c800 1768       4       com.badlogic.gdx.math.Vector3::crs (62 bytes)
Event: 39.348 Thread 0x0000000018b3c800 nmethod 1768 0x0000000002ee3b10 code [0x0000000002ee3c40, 0x0000000002ee3cf8]
Event: 40.244 Thread 0x0000000018b5e800 1769       3       java.util.regex.Pattern$Branch::match (66 bytes)
Event: 40.246 Thread 0x0000000018b5e800 nmethod 1769 0x0000000002f17910 code [0x0000000002f17aa0, 0x0000000002f17f78]

GC Heap History (2 events):
Event: 5.370 GC heap before
{Heap before GC invocations=1 (full 0):
 PSYoungGen      total 38400K, used 33280K [0x00000000d5f80000, 0x00000000d8a00000, 0x0000000100000000)
  eden space 33280K, 100% used [0x00000000d5f80000,0x00000000d8000000,0x00000000d8000000)
  from space 5120K, 0% used [0x00000000d8500000,0x00000000d8500000,0x00000000d8a00000)
  to   space 5120K, 0% used [0x00000000d8000000,0x00000000d8000000,0x00000000d8500000)
 ParOldGen       total 87552K, used 0K [0x0000000081e00000, 0x0000000087380000, 0x00000000d5f80000)
  object space 87552K, 0% used [0x0000000081e00000,0x0000000081e00000,0x0000000087380000)
 Metaspace       used 9089K, capacity 9215K, committed 9344K, reserved 1058816K
  class space    used 867K, capacity 884K, committed 896K, reserved 1048576K
Event: 5.385 GC heap after
Heap after GC invocations=1 (full 0):
 PSYoungGen      total 38400K, used 5117K [0x00000000d5f80000, 0x00000000d8a00000, 0x0000000100000000)
  eden space 33280K, 0% used [0x00000000d5f80000,0x00000000d5f80000,0x00000000d8000000)
  from space 5120K, 99% used [0x00000000d8000000,0x00000000d84ff568,0x00000000d8500000)
  to   space 5120K, 0% used [0x00000000d8500000,0x00000000d8500000,0x00000000d8a00000)
 ParOldGen       total 87552K, used 399K [0x0000000081e00000, 0x0000000087380000, 0x00000000d5f80000)
  object space 87552K, 0% used [0x0000000081e00000,0x0000000081e63fd0,0x0000000087380000)
 Metaspace       used 9089K, capacity 9215K, committed 9344K, reserved 1058816K
  class space    used 867K, capacity 884K, committed 896K, reserved 1048576K
}

Deoptimization events (10 events):
Event: 31.605 Thread 0x00000000197d3800 Uncommon trap: reason=unstable_if action=reinterpret pc=0x0000000002b83da8 method=java.lang.CharacterDataLatin1.digit(II)I @ 31
Event: 31.831 Thread 0x00000000197d3800 Uncommon trap: reason=unstable_if action=reinterpret pc=0x0000000002e2b058 method=javazoom.jl.decoder.huffcodetab.huffman_decoder(Ljavazoom/jl/decoder/huffcodetab;[I[I[I[ILjavazoom/jl/decoder/BitReserve;)I @ 27
Event: 31.882 Thread 0x00000000197d3800 Uncommon trap: reason=unstable_if action=reinterpret pc=0x0000000002e1be08 method=javazoom.jl.decoder.BitReserve.hgetbits(I)I @ 22
Event: 32.070 Thread 0x00000000197d3800 Uncommon trap: reason=unstable_if action=reinterpret pc=0x0000000002e94f40 method=javazoom.jl.decoder.LayerIIIDecoder.hybrid(II)V @ 32
Event: 32.074 Thread 0x00000000197d3800 Uncommon trap: reason=unstable_if action=reinterpret pc=0x0000000002e71888 method=javazoom.jl.decoder.LayerIIIDecoder.hybrid(II)V @ 32
Event: 32.803 Thread 0x00000000197d3800 Uncommon trap: reason=unstable_if action=reinterpret pc=0x0000000002d343fc method=mx.itesm.naughty.Sprites.Enemies.DeathGul.update(F)V @ 14
Event: 32.803 Thread 0x00000000197d3800 Uncommon trap: reason=unstable_if action=reinterpret pc=0x0000000002d35598 method=mx.itesm.naughty.Sprites.Enemies.DeathGul.draw(Lcom/badlogic/gdx/graphics/g2d/Batch;)V @ 4
Event: 34.616 Thread 0x00000000197d3800 Uncommon trap: reason=unstable_if action=reinterpret pc=0x0000000002ec0178 method=javazoom.jl.decoder.LayerIIIDecoder.stereo(I)V @ 144
Event: 34.751 Thread 0x00000000197d3800 Uncommon trap: reason=unstable_if action=reinterpret pc=0x0000000002f05bec method=mx.itesm.naughty.Screens.PlayScreen.render(F)V @ 189
Event: 35.132 Thread 0x00000000197d3800 Uncommon trap: reason=array_check action=maybe_recompile pc=0x0000000002edc888 method=com.badlogic.gdx.utils.Array.removeIndex(I)Ljava/lang/Object; @ 99

Classes redefined (0 events):
No events

Internal exceptions (10 events):
Event: 0.866 Thread 0x0000000002794800 Exception <a 'java/security/PrivilegedActionException'> (0x00000000d6416330) thrown at [D:\src\AOSP-openjdk-cygwin\jdk8u\hotspot\src\share\vm\prims\jvm.cpp, line 1390]
Event: 1.705 Thread 0x0000000002794800 Exception <a 'java/security/PrivilegedActionException'> (0x00000000d66a89f8) thrown at [D:\src\AOSP-openjdk-cygwin\jdk8u\hotspot\src\share\vm\prims\jvm.cpp, line 1390]
Event: 1.706 Thread 0x0000000002794800 Exception <a 'java/security/PrivilegedActionException'> (0x00000000d66aa6d0) thrown at [D:\src\AOSP-openjdk-cygwin\jdk8u\hotspot\src\share\vm\prims\jvm.cpp, line 1390]
Event: 1.706 Thread 0x0000000002794800 Exception <a 'java/security/PrivilegedActionException'> (0x00000000d66ab840) thrown at [D:\src\AOSP-openjdk-cygwin\jdk8u\hotspot\src\share\vm\prims\jvm.cpp, line 1390]
Event: 1.707 Thread 0x0000000002794800 Exception <a 'java/security/PrivilegedActionException'> (0x00000000d66b0de8) thrown at [D:\src\AOSP-openjdk-cygwin\jdk8u\hotspot\src\share\vm\prims\jvm.cpp, line 1390]
Event: 1.707 Thread 0x0000000002794800 Exception <a 'java/security/PrivilegedActionException'> (0x00000000d66b1a40) thrown at [D:\src\AOSP-openjdk-cygwin\jdk8u\hotspot\src\share\vm\prims\jvm.cpp, line 1390]
Event: 1.707 Thread 0x0000000002794800 Exception <a 'java/security/PrivilegedActionException'> (0x00000000d66b2668) thrown at [D:\src\AOSP-openjdk-cygwin\jdk8u\hotspot\src\share\vm\prims\jvm.cpp, line 1390]
Event: 7.696 Thread 0x00000000197d3800 Implicit null exception at 0x0000000002c8ca70 to 0x0000000002c8cac5
Event: 31.542 Thread 0x00000000197d3800 Exception <a 'java/lang/NoSuchFieldError': method resolution failed> (0x00000000d63a8730) thrown at [D:\src\AOSP-openjdk-cygwin\jdk8u\hotspot\src\share\vm\prims\methodHandles.cpp, line 1167]
Event: 31.549 Thread 0x00000000197d3800 Exception <a 'java/lang/NoSuchFieldError': method resolution failed> (0x00000000d63b6690) thrown at [D:\src\AOSP-openjdk-cygwin\jdk8u\hotspot\src\share\vm\prims\methodHandles.cpp, line 1167]

Events (10 events):
Event: 34.616 Thread 0x00000000197d3800 DEOPT PACKING pc=0x0000000002ec0178 sp=0x000000001a7df0b0
Event: 34.616 Thread 0x00000000197d3800 DEOPT UNPACKING pc=0x00000000028d557b sp=0x000000001a7defd8 mode 2
Event: 34.751 Thread 0x00000000197d3800 Uncommon trap: trap_request=0xffffff65 fr.pc=0x0000000002f05bec
Event: 34.751 Thread 0x00000000197d3800 DEOPT PACKING pc=0x0000000002f05bec sp=0x000000001a7df2f0
Event: 34.751 Thread 0x00000000197d3800 DEOPT UNPACKING pc=0x00000000028d557b sp=0x000000001a7df300 mode 2
Event: 35.132 Thread 0x00000000197d3800 Uncommon trap: trap_request=0xffffffd6 fr.pc=0x0000000002edc888
Event: 35.132 Thread 0x00000000197d3800 DEOPT PACKING pc=0x0000000002edc888 sp=0x000000001a7df250
Event: 35.132 Thread 0x00000000197d3800 DEOPT UNPACKING pc=0x00000000028d557b sp=0x000000001a7df1a0 mode 2
Event: 35.482 Thread 0x00000000197d3800 DEOPT PACKING pc=0x0000000002d93554 sp=0x000000001a7df0f0
Event: 35.482 Thread 0x00000000197d3800 DEOPT UNPACKING pc=0x00000000028d75d0 sp=0x000000001a7deeb0 mode 0


Dynamic libraries:
0x00007ff6c8500000 - 0x00007ff6c8531000 	C:\Program Files\Android\Android Studio\jre\bin\java.exe
0x00007ffb312b0000 - 0x00007ffb3145c000 	C:\Windows\SYSTEM32\ntdll.dll
0x00007ffb2feb0000 - 0x00007ffb2ffee000 	C:\Windows\system32\KERNEL32.DLL
0x00007ffb2e530000 - 0x00007ffb2e645000 	C:\Windows\system32\KERNELBASE.dll
0x00007ffb30e30000 - 0x00007ffb30eda000 	C:\Windows\system32\ADVAPI32.dll
0x00007ffb30430000 - 0x00007ffb305a7000 	C:\Windows\system32\USER32.dll
0x00007ffb2bdf0000 - 0x00007ffb2c06b000 	C:\Windows\WinSxS\amd64_microsoft.windows.common-controls_6595b64144ccf1df_6.0.9600.17415_none_6240486fecbd8abb\COMCTL32.dll
0x00007ffb305c0000 - 0x00007ffb3066a000 	C:\Windows\system32\msvcrt.dll
0x00007ffb30ee0000 - 0x00007ffb30f39000 	C:\Windows\SYSTEM32\sechost.dll
0x00007ffb308d0000 - 0x00007ffb30a11000 	C:\Windows\system32\RPCRT4.dll
0x00007ffb30140000 - 0x00007ffb30291000 	C:\Windows\system32\GDI32.dll
0x00007ffb30f40000 - 0x00007ffb30f76000 	C:\Windows\system32\IMM32.DLL
0x00007ffb302d0000 - 0x00007ffb30423000 	C:\Windows\system32\MSCTF.dll
0x00007ffb2d660000 - 0x00007ffb2d692000 	C:\Windows\SYSTEM32\ntmarta.dll
0x00007ffb2e2a0000 - 0x00007ffb2e2ce000 	C:\Windows\SYSTEM32\SspiCli.dll
0x00000000693e0000 - 0x00000000694b2000 	C:\Program Files\Android\Android Studio\jre\jre\bin\msvcr100.dll
0x00000000695a0000 - 0x0000000069de1000 	C:\Program Files\Android\Android Studio\jre\jre\bin\server\jvm.dll
0x00007ffb186e0000 - 0x00007ffb186e9000 	C:\Windows\SYSTEM32\WSOCK32.dll
0x00007ffb27f70000 - 0x00007ffb27f92000 	C:\Windows\SYSTEM32\WINMM.dll
0x00007ffb29ab0000 - 0x00007ffb29aba000 	C:\Windows\SYSTEM32\VERSION.dll
0x00007ffb302c0000 - 0x00007ffb302c7000 	C:\Windows\system32\PSAPI.DLL
0x00007ffb31130000 - 0x00007ffb3118a000 	C:\Windows\system32\WS2_32.dll
0x00007ffb27c70000 - 0x00007ffb27c9a000 	C:\Windows\SYSTEM32\WINMMBASE.dll
0x00007ffb30a20000 - 0x00007ffb30a29000 	C:\Windows\system32\NSI.dll
0x00007ffb2e650000 - 0x00007ffb2e69f000 	C:\Windows\SYSTEM32\cfgmgr32.dll
0x00007ffb2d1d0000 - 0x00007ffb2d1f8000 	C:\Windows\SYSTEM32\DEVOBJ.dll
0x00007ffb2b780000 - 0x00007ffb2b78f000 	C:\Program Files\Android\Android Studio\jre\jre\bin\verify.dll
0x00007ffb1f020000 - 0x00007ffb1f049000 	C:\Program Files\Android\Android Studio\jre\jre\bin\java.dll
0x00007ffb1b560000 - 0x00007ffb1b583000 	C:\Program Files\Android\Android Studio\jre\jre\bin\instrument.dll
0x00007ffb1f090000 - 0x00007ffb1f0a6000 	C:\Program Files\Android\Android Studio\jre\jre\bin\zip.dll
0x00007ffb2e990000 - 0x00007ffb2fea9000 	C:\Windows\system32\SHELL32.dll
0x00007ffb30a30000 - 0x00007ffb30c41000 	C:\Windows\SYSTEM32\combase.dll
0x00007ffb2e930000 - 0x00007ffb2e984000 	C:\Windows\system32\SHLWAPI.dll
0x00007ffb2c9a0000 - 0x00007ffb2ca52000 	C:\Windows\SYSTEM32\SHCORE.dll
0x00007ffb2e400000 - 0x00007ffb2e415000 	C:\Windows\SYSTEM32\profapi.dll
0x00007ffb1bfa0000 - 0x00007ffb1bfba000 	C:\Program Files\Android\Android Studio\bin\breakgen64.dll
0x00007ffb1d260000 - 0x00007ffb1d27a000 	C:\Program Files\Android\Android Studio\jre\jre\bin\net.dll
0x00007ffb2dce0000 - 0x00007ffb2dd39000 	C:\Windows\system32\mswsock.dll
0x0000000065580000 - 0x0000000065616000 	C:\Users\Erick Bautista\AppData\Local\Temp\libgdxErick Bautista\12dfaa03\gdx64.dll
0x00007ffb2dd40000 - 0x00007ffb2dd60000 	C:\Windows\SYSTEM32\CRYPTSP.dll
0x00007ffb2d910000 - 0x00007ffb2d946000 	C:\Windows\system32\rsaenh.dll
0x00007ffb2df90000 - 0x00007ffb2dfb6000 	C:\Windows\SYSTEM32\bcrypt.dll
0x00007ffb2da20000 - 0x00007ffb2da41000 	C:\Windows\SYSTEM32\USERENV.dll
0x00007ffb2e2d0000 - 0x00007ffb2e333000 	C:\Windows\system32\bcryptprimitives.dll
0x00007ffb2e340000 - 0x00007ffb2e34b000 	C:\Windows\SYSTEM32\CRYPTBASE.dll
0x00007ffb28590000 - 0x00007ffb285ba000 	C:\Windows\SYSTEM32\IPHLPAPI.DLL
0x00007ffb28570000 - 0x00007ffb2857a000 	C:\Windows\SYSTEM32\WINNSI.DLL
0x00007ffb27ca0000 - 0x00007ffb27cb6000 	C:\Windows\SYSTEM32\dhcpcsvc6.DLL
0x00007ffb27f50000 - 0x00007ffb27f6a000 	C:\Windows\SYSTEM32\dhcpcsvc.DLL
0x00007ffb1d240000 - 0x00007ffb1d251000 	C:\Program Files\Android\Android Studio\jre\jre\bin\nio.dll
0x0000000180000000 - 0x0000000180053000 	C:\Users\Erick Bautista\AppData\Local\Temp\libgdxErick Bautista\dc0f0009\lwjgl64.dll
0x00007ffb19230000 - 0x00007ffb1935b000 	C:\Windows\SYSTEM32\OPENGL32.dll
0x00007ffb19200000 - 0x00007ffb1922e000 	C:\Windows\SYSTEM32\GLU32.dll
0x00007ffb19100000 - 0x00007ffb191f8000 	C:\Windows\SYSTEM32\DDRAW.dll
0x00007ffb190f0000 - 0x00007ffb190f9000 	C:\Windows\SYSTEM32\DCIMAN32.dll
0x0000000019ef0000 - 0x0000000019f54000 	C:\Users\ERICKB~1\AppData\Local\Temp\libgdxErick Bautista\dc0f0009\OpenAL64.dll
0x00007ffb30670000 - 0x00007ffb30804000 	C:\Windows\system32\ole32.dll
0x00007ffb2d200000 - 0x00007ffb2d20b000 	C:\Windows\SYSTEM32\kernel.appcore.dll
0x00007ffb2d020000 - 0x00007ffb2d149000 	C:\Windows\system32\uxtheme.dll
0x00007ffb30810000 - 0x00007ffb308c6000 	C:\Windows\SYSTEM32\clbcatq.dll
0x00007ffb0ba70000 - 0x00007ffb0bb0d000 	C:\Windows\SYSTEM32\dsound.dll
0x00007ffb2da50000 - 0x00007ffb2da96000 	C:\Windows\SYSTEM32\POWRPROF.dll
0x00007ffb2b700000 - 0x00007ffb2b770000 	C:\Windows\System32\MMDevApi.dll
0x00007ffb27980000 - 0x00007ffb279fe000 	C:\Windows\SYSTEM32\AUDIOSES.DLL
0x00007ffb30070000 - 0x00007ffb30131000 	C:\Windows\system32\OLEAUT32.dll
0x00007ffb2c7a0000 - 0x00007ffb2c7c1000 	C:\Windows\system32\dwmapi.dll
0x00007ffb09ec0000 - 0x00007ffb0a7ef000 	C:\Windows\SYSTEM32\ig75icd64.dll
0x00007ffb28d70000 - 0x00007ffb29755000 	C:\Windows\SYSTEM32\igdusc64.dll
0x00007ffb2b9f0000 - 0x00007ffb2ba02000 	C:\Windows\SYSTEM32\WTSAPI32.dll
0x00007ffb248e0000 - 0x00007ffb24972000 	C:\Windows\SYSTEM32\mscms.dll
0x00007ffb1b140000 - 0x00007ffb1b181000 	C:\Windows\SYSTEM32\icm32.dll
0x0000000066bc0000 - 0x0000000066c7b000 	C:\Users\Erick Bautista\AppData\Local\Temp\libgdxErick Bautista\54593449\gdx-box2d64.dll
0x00007ffb153b0000 - 0x00007ffb1553a000 	C:\Windows\SYSTEM32\dbghelp.dll

VM Arguments:
jvm_args: -javaagent:C:\Program Files\Android\Android Studio\lib\idea_rt.jar=54870:C:\Program Files\Android\Android Studio\bin -Dfile.encoding=UTF-8 
java_command: mx.itesm.naughty.desktop.DesktopLauncher
java_class_path (initial): C:\Program Files\Android\Android Studio\jre\jre\lib\charsets.jar;C:\Program Files\Android\Android Studio\jre\jre\lib\ext\access-bridge-64.jar;C:\Program Files\Android\Android Studio\jre\jre\lib\ext\cldrdata.jar;C:\Program Files\Android\Android Studio\jre\jre\lib\ext\dnsns.jar;C:\Program Files\Android\Android Studio\jre\jre\lib\ext\jaccess.jar;C:\Program Files\Android\Android Studio\jre\jre\lib\ext\localedata.jar;C:\Program Files\Android\Android Studio\jre\jre\lib\ext\nashorn.jar;C:\Program Files\Android\Android Studio\jre\jre\lib\ext\sunec.jar;C:\Program Files\Android\Android Studio\jre\jre\lib\ext\sunjce_provider.jar;C:\Program Files\Android\Android Studio\jre\jre\lib\ext\sunmscapi.jar;C:\Program Files\Android\Android Studio\jre\jre\lib\ext\sunpkcs11.jar;C:\Program Files\Android\Android Studio\jre\jre\lib\ext\zipfs.jar;C:\Program Files\Android\Android Studio\jre\jre\lib\jce.jar;C:\Program Files\Android\Android Studio\jre\jre\lib\jsse.jar;C:\Program Files\Android\Android Studio\jre\jre\lib\management-agent.jar;C:\Program Files\Android\Android Studio\jre\jre\lib\resources.jar;C:\Program Files\Android\Android Studio\jre\jre\lib\rt.jar;C:\Users\Erick Bautista\Documents\KaliSad\Proyectos de Videojuegos\NaughtyScape\desktop\build\classes\java\main;C:\Users\Erick Bautista\Documents\KaliSad\Proyectos de Videojuegos\NaughtyScape\core\build\classes\java\main;C:\Users\Erick Bautista\.gradle\caches\modules-2\files-2.1\com.badlogicgames.gdx\gdx-backend-lwjgl\1.9.8\b7c138f14ed67ad830ae7597da3d86ae02b20eee\gdx-backend-lwjgl-1.9.8.jar;C:\Users\Erick Bautista\.gradle\caches\modules-2\files-2.1\com.badlogicgames.gdx\gdx-platform\1.9.8\604a2ef2c7c92a5900114757cbd3fb4dcbb8270c\gdx-platform-1.9.8-natives-desktop.jar;C:\Users\Erick Bautista\.gradle\caches\modules-2\files-2.1\com.badlogicgames.gdx\gdx-box2d-platform\1.9.8\3195b56f82751d7cd7de85edb6824d17bf479781\gdx-box2d-platform-1.9.8-natives-desktop.jar;C:\Users\Erick Bautista\.gradle\caches\modules-2\file
Launcher Type: SUN_STANDARD

Environment Variables:
PATH=C:\Program Files (x86)\Common Files\Oracle\Java\javapath;C:\Windows\system32;C:\Windows;C:\Windows\System32\Wbem;C:\Windows\System32\WindowsPowerShell\v1.0\;C:\Program Files\Microsoft VS Code\bin;C:\Program Files (x86)\Microsoft SQL Server\Client SDK\ODBC\130\Tools\Binn\;C:\Program Files (x86)\Microsoft SQL Server\140\Tools\Binn\;C:\Program Files (x86)\Microsoft SQL Server\140\DTS\Binn\;C:\Program Files (x86)\Microsoft SQL Server\140\Tools\Binn\ManagementStudio\;C:\Program Files\Microsoft SQL Server\Client SDK\ODBC\130\Tools\Binn\;C:\Program Files\Microsoft SQL Server\140\Tools\Binn\;C:\Program Files\Microsoft SQL Server\140\DTS\Binn\;C:\Program Files\nodejs\;C:\Program Files\Git\cmd;C:\Program Files\NetMake\v9\components\php;C:\Users\Erick Bautista\AppData\Local\Programs\Python\Python36\Scripts\;C:\Users\Erick Bautista\AppData\Local\Programs\Python\Python36\;C:\Users\Erick Bautista\AppData\Local\Programs\Microsoft VS Code\bin;C:\Users\Erick Bautista\AppData\Roaming\npm
USERNAME=Erick Bautista
OS=Windows_NT
PROCESSOR_IDENTIFIER=Intel64 Family 6 Model 69 Stepping 1, GenuineIntel



---------------  S Y S T E M  ---------------

OS: Windows 8.1 , 64 bit Build 9600 (6.3.9600.17415)

CPU:total 4 (initial active 4) (2 cores per cpu, 2 threads per core) family 6 model 69 stepping 1, cmov, cx8, fxsr, mmx, sse, sse2, sse3, ssse3, sse4.1, sse4.2, popcnt, avx, avx2, aes, clmul, erms, lzcnt, ht, tsc, tscinvbit, bmi1, bmi2

Memory: 4k page, physical 8257644k(2946980k free), swap 16646252k(8785936k free)

vm_info: OpenJDK 64-Bit Server VM (25.152-b06) for windows-amd64 JRE (1.8.0_152-release-1136-b06), built by "builder" with MS VC++ 10.0 (VS2010)

time: Sat Nov 17 22:45:37 2018
elapsed time: 40 seconds (0d 0h 0m 40s)

