#
# A fatal error has been detected by the Java Runtime Environment:
#
#  EXCEPTION_ACCESS_VIOLATION (0xc0000005) at pc=0x0000000066bcbd0d, pid=3248, tid=0x00000000000031b4
#
# JRE version: OpenJDK Runtime Environment (8.0_152-b06) (build 1.8.0_152-release-1136-b06)
# Java VM: OpenJDK 64-Bit Server VM (25.152-b06 mixed mode windows-amd64 compressed oops)
# Problematic frame:
# C  [gdx-box2d64.dll+0xbd0d]
#
# Failed to write core dump. Minidumps are not enabled by default on client versions of Windows
#
# If you would like to submit a bug report, please visit:
#   http://bugreport.java.com/bugreport/crash.jsp
# The crash happened outside the Java Virtual Machine in native code.
# See problematic frame for where to report the bug.
#

---------------  T H R E A D  ---------------

Current thread (0x000000001938a800):  JavaThread "LWJGL Application" [_thread_in_native, id=12724, stack(0x000000001aa10000,0x000000001ab10000)]

siginfo: ExceptionCode=0xc0000005, reading address 0x000000201e92d670

Registers:
RAX=0x000000201e92d670, RBX=0x000000001e8ff7c0, RCX=0x000000001e8ff790, RDX=0x00000000000000b8
RSP=0x000000001ab0e940, RBP=0x0000000000000006, RSI=0x000000001e8ff790, RDI=0x000000001ab0ea00
R8 =0x000000001e8ff790, R9 =0x0000000000000002, R10=0x0000000000000000, R11=0x0000000000000001
R12=0x0000000000000000, R13=0x0000000020a6b358, R14=0x000000001ab0ec10, R15=0x000000001938a800
RIP=0x0000000066bcbd0d, EFLAGS=0x0000000000010202

Top of Stack: (sp=0x000000001ab0e940)
0x000000001ab0e940:   000000001e918a30 000000000000064b
0x000000001ab0e950:   000000001e886450 0000000066bc39ae
0x000000001ab0e960:   000000001e8ff790 000000001e8ff790
0x000000001ab0e970:   0000000000000001 000000001ab0ea00
0x000000001ab0e980:   000000001ab0eb20 0000000000000000
0x000000001ab0e990:   0000000020a6b358 0000000066be2483
0x000000001ab0e9a0:   0000000000000000 0000000066be0498
0x000000001ab0e9b0:   000000000000005a 00000000696bef09
0x000000001ab0e9c0:   0000000000000001 0000000000000001
0x000000001ab0e9d0:   0000000000000001 0000000066be8616
0x000000001ab0e9e0:   000000001ab0ea70 0000000000000000
0x000000001ab0e9f0:   0000000000000000 0000000066bdf36c
0x000000001ab0ea00:   40ff835100000002 00000000402bdb3b
0x000000001ab0ea10:   0000000000000000 0000000000000000
0x000000001ab0ea20:   0000010100000000 00000000d66f4601
0x000000001ab0ea30:   0000000000000000 000000003f800000 

Instructions: (pc=0x0000000066bcbd0d)
0x0000000066bcbced:   48 8d 05 6c a3 05 00 0f b6 1c 18 80 fb 0d 0f b6
0x0000000066bcbcfd:   eb 77 21 48 8d 1c de 48 8b 43 10 48 85 c0 74 3a
0x0000000066bcbd0d:   48 8b 10 48 89 53 10 48 83 c4 28 5b 5e 5f 5d 41
0x0000000066bcbd1d:   5c 41 5d c3 48 8d 15 18 9e 04 00 48 8d 0d 99 9e 


Register to memory mapping:

RAX=0x000000201e92d670 is an unknown value
RBX=0x000000001e8ff7c0 is an unknown value
RCX=0x000000001e8ff790 is an unknown value
RDX=0x00000000000000b8 is an unknown value
RSP=0x000000001ab0e940 is pointing into the stack for thread: 0x000000001938a800
RBP=0x0000000000000006 is an unknown value
RSI=0x000000001e8ff790 is an unknown value
RDI=0x000000001ab0ea00 is pointing into the stack for thread: 0x000000001938a800
R8 =0x000000001e8ff790 is an unknown value
R9 =0x0000000000000002 is an unknown value
R10=0x0000000000000000 is an unknown value
R11=0x0000000000000001 is an unknown value
R12=0x0000000000000000 is an unknown value
R13=0x0000000020a6b358 is pointing into metadata
R14=0x000000001ab0ec10 is pointing into the stack for thread: 0x000000001938a800
R15=0x000000001938a800 is a thread


Stack: [0x000000001aa10000,0x000000001ab10000],  sp=0x000000001ab0e940,  free space=1018k
Native frames: (J=compiled Java code, j=interpreted, Vv=VM code, C=native code)
C  [gdx-box2d64.dll+0xbd0d]
C  [gdx-box2d64.dll+0x22483]
C  [gdx-box2d64.dll+0x28616]
C  0x0000000003237de4

Java frames: (J=compiled Java code, j=interpreted, Vv=VM code)
J 1107  com.badlogic.gdx.physics.box2d.World.jniCreateBody(JIFFFFFFFFZZZZZF)J (0 bytes) @ 0x0000000003237d66 [0x0000000003237cc0+0xa6]
J 1106 C1 com.badlogic.gdx.physics.box2d.World.createBody(Lcom/badlogic/gdx/physics/box2d/BodyDef;)Lcom/badlogic/gdx/physics/box2d/Body; (120 bytes) @ 0x00000000032367bc [0x0000000003236620+0x19c]
J 1205 C1 mx.itesm.naughty.Sprites.Items.Bala.defineFireBall()V (171 bytes) @ 0x000000000328c32c [0x000000000328bd40+0x5ec]
J 1204 C1 mx.itesm.naughty.Sprites.Items.Bala.<init>(Lmx/itesm/naughty/Screens/PlayScreen;FFZ)V (110 bytes) @ 0x000000000328aa1c [0x0000000003289be0+0xe3c]
J 1193 C1 mx.itesm.naughty.Sprites.Player.fire()V (51 bytes) @ 0x000000000328234c [0x0000000003282180+0x1cc]
J 1192 C1 mx.itesm.naughty.Screens.PlayScreen$6.touchDown(Lcom/badlogic/gdx/scenes/scene2d/InputEvent;FFII)Z (22 bytes) @ 0x000000000327ee3c [0x000000000327ed80+0xbc]
J 1419 C2 com.badlogic.gdx.scenes.scene2d.InputListener.handle(Lcom/badlogic/gdx/scenes/scene2d/Event;)Z (320 bytes) @ 0x00000000033430c0 [0x0000000003342de0+0x2e0]
J 1468 C2 com.badlogic.gdx.scenes.scene2d.Actor.notify(Lcom/badlogic/gdx/scenes/scene2d/Event;Z)Z (180 bytes) @ 0x000000000337ef04 [0x000000000337ee00+0x104]
J 1490 C1 com.badlogic.gdx.scenes.scene2d.Actor.fire(Lcom/badlogic/gdx/scenes/scene2d/Event;)Z (294 bytes) @ 0x000000000339ac74 [0x0000000003399ac0+0x11b4]
j  com.badlogic.gdx.scenes.scene2d.Stage.touchDown(IIII)Z+165
J 1402 C1 com.badlogic.gdx.backends.lwjgl.LwjglInput.processEvents()V (478 bytes) @ 0x00000000033346e4 [0x0000000003333820+0xec4]
j  com.badlogic.gdx.backends.lwjgl.LwjglApplication.mainLoop()V+600
j  com.badlogic.gdx.backends.lwjgl.LwjglApplication$1.run()V+27
v  ~StubRoutines::call_stub

---------------  P R O C E S S  ---------------

Java Threads: ( => current thread )
  0x000000001922d000 JavaThread "AsynchExecutor-Thread" daemon [_thread_blocked, id=9520, stack(0x00000000204e0000,0x00000000205e0000)]
  0x0000000019e7a800 JavaThread "LWJGL Timer" daemon [_thread_blocked, id=12188, stack(0x000000001e9d0000,0x000000001ead0000)]
  0x0000000019ef2800 JavaThread "AsynchExecutor-Thread" daemon [_thread_blocked, id=8200, stack(0x000000001e6d0000,0x000000001e7d0000)]
  0x0000000002d34800 JavaThread "DestroyJavaVM" [_thread_blocked, id=10576, stack(0x0000000002a30000,0x0000000002b30000)]
=>0x000000001938a800 JavaThread "LWJGL Application" [_thread_in_native, id=12724, stack(0x000000001aa10000,0x000000001ab10000)]
  0x00000000190fb800 JavaThread "Service Thread" daemon [_thread_blocked, id=11532, stack(0x00000000197b0000,0x00000000198b0000)]
  0x00000000190f4000 JavaThread "C1 CompilerThread2" daemon [_thread_blocked, id=11864, stack(0x00000000196b0000,0x00000000197b0000)]
  0x00000000190f3000 JavaThread "C2 CompilerThread1" daemon [_thread_blocked, id=12452, stack(0x00000000195b0000,0x00000000196b0000)]
  0x000000001909b800 JavaThread "C2 CompilerThread0" daemon [_thread_blocked, id=8140, stack(0x00000000194b0000,0x00000000195b0000)]
  0x0000000019090800 JavaThread "Monitor Ctrl-Break" daemon [_thread_in_native, id=8408, stack(0x00000000193b0000,0x00000000194b0000)]
  0x0000000017959800 JavaThread "Attach Listener" daemon [_thread_blocked, id=9872, stack(0x0000000018eb0000,0x0000000018fb0000)]
  0x0000000017958800 JavaThread "Signal Dispatcher" daemon [_thread_blocked, id=11728, stack(0x0000000018db0000,0x0000000018eb0000)]
  0x0000000017938000 JavaThread "Finalizer" daemon [_thread_blocked, id=4324, stack(0x0000000018bb0000,0x0000000018cb0000)]
  0x0000000002e23800 JavaThread "Reference Handler" daemon [_thread_blocked, id=13236, stack(0x0000000018ab0000,0x0000000018bb0000)]

Other Threads:
  0x0000000017915800 VMThread [stack: 0x00000000189b0000,0x0000000018ab0000] [id=11964]
  0x00000000190fd800 WatcherThread [stack: 0x00000000198b0000,0x00000000199b0000] [id=4964]

VM state:not at safepoint (normal execution)

VM Mutex/Monitor currently owned by a thread: None

Heap:
 PSYoungGen      total 38400K, used 20180K [0x00000000d5f80000, 0x00000000d8a00000, 0x0000000100000000)
  eden space 33280K, 45% used [0x00000000d5f80000,0x00000000d6e365d0,0x00000000d8000000)
  from space 5120K, 99% used [0x00000000d8000000,0x00000000d84fedf8,0x00000000d8500000)
  to   space 5120K, 0% used [0x00000000d8500000,0x00000000d8500000,0x00000000d8a00000)
 ParOldGen       total 87552K, used 553K [0x0000000081e00000, 0x0000000087380000, 0x00000000d5f80000)
  object space 87552K, 0% used [0x0000000081e00000,0x0000000081e8a720,0x0000000087380000)
 Metaspace       used 10888K, capacity 11097K, committed 11392K, reserved 1058816K
  class space    used 1018K, capacity 1087K, committed 1152K, reserved 1048576K

Card table byte_map: [0x00000000121f0000,0x00000000125f0000] byte_map_base: 0x0000000011de1000

Marking Bits: (ParMarkBitMap*) 0x0000000069d65aa0
 Begin Bits: [0x0000000012ca0000, 0x0000000014c28000)
 End Bits:   [0x0000000014c28000, 0x0000000016bb0000)

Polling page: 0x0000000001120000

CodeCache: size=245760Kb used=6690Kb max_used=7054Kb free=239069Kb
 bounds [0x0000000002e30000, 0x0000000003520000, 0x0000000011e30000]
 total_blobs=2292 nmethods=1765 adapters=441
 compilation: enabled

Compilation events (10 events):
Event: 74.638 Thread 0x00000000190f4000 1935       3       com.badlogic.gdx.scenes.scene2d.Stage::screenToStageCoordinates (11 bytes)
Event: 74.639 Thread 0x00000000190f4000 nmethod 1935 0x00000000030bac90 code [0x00000000030bae00, 0x00000000030bb028]
Event: 74.639 Thread 0x00000000190f4000 1936       3       com.badlogic.gdx.scenes.scene2d.InputEvent::setStageY (6 bytes)
Event: 74.639 Thread 0x00000000190f4000 nmethod 1936 0x0000000002f60510 code [0x0000000002f60660, 0x0000000002f607b0]
Event: 76.871 Thread 0x00000000190f4000 1937       3       mx.itesm.naughty.Screens.PlayScreen$5::touchDown (23 bytes)
Event: 76.872 Thread 0x00000000190f4000 nmethod 1937 0x0000000003201c90 code [0x0000000003201e00, 0x0000000003202008]
Event: 76.872 Thread 0x00000000190f4000 1938       3       mx.itesm.naughty.Sprites.Player::setPushing (6 bytes)
Event: 76.872 Thread 0x00000000190f4000 nmethod 1938 0x00000000030f8290 code [0x00000000030f83e0, 0x00000000030f8530]
Event: 76.938 Thread 0x00000000190f4000 1939       3       mx.itesm.naughty.Screens.PlayScreen$5::touchUp (23 bytes)
Event: 76.939 Thread 0x00000000190f4000 nmethod 1939 0x0000000003251d10 code [0x0000000003251e80, 0x00000000032520a8]

GC Heap History (2 events):
Event: 9.191 GC heap before
{Heap before GC invocations=1 (full 0):
 PSYoungGen      total 38400K, used 33280K [0x00000000d5f80000, 0x00000000d8a00000, 0x0000000100000000)
  eden space 33280K, 100% used [0x00000000d5f80000,0x00000000d8000000,0x00000000d8000000)
  from space 5120K, 0% used [0x00000000d8500000,0x00000000d8500000,0x00000000d8a00000)
  to   space 5120K, 0% used [0x00000000d8000000,0x00000000d8000000,0x00000000d8500000)
 ParOldGen       total 87552K, used 0K [0x0000000081e00000, 0x0000000087380000, 0x00000000d5f80000)
  object space 87552K, 0% used [0x0000000081e00000,0x0000000081e00000,0x0000000087380000)
 Metaspace       used 9392K, capacity 9541K, committed 9728K, reserved 1058816K
  class space    used 891K, capacity 949K, committed 1024K, reserved 1048576K
Event: 9.214 GC heap after
Heap after GC invocations=1 (full 0):
 PSYoungGen      total 38400K, used 5115K [0x00000000d5f80000, 0x00000000d8a00000, 0x0000000100000000)
  eden space 33280K, 0% used [0x00000000d5f80000,0x00000000d5f80000,0x00000000d8000000)
  from space 5120K, 99% used [0x00000000d8000000,0x00000000d84fedf8,0x00000000d8500000)
  to   space 5120K, 0% used [0x00000000d8500000,0x00000000d8500000,0x00000000d8a00000)
 ParOldGen       total 87552K, used 553K [0x0000000081e00000, 0x0000000087380000, 0x00000000d5f80000)
  object space 87552K, 0% used [0x0000000081e00000,0x0000000081e8a720,0x0000000087380000)
 Metaspace       used 9392K, capacity 9541K, committed 9728K, reserved 1058816K
  class space    used 891K, capacity 949K, committed 1024K, reserved 1048576K
}

Deoptimization events (10 events):
Event: 59.521 Thread 0x000000001938a800 Uncommon trap: reason=unstable_if action=reinterpret pc=0x00000000032ab5fc method=com.badlogic.gdx.utils.Array.removeIndex(I)Ljava/lang/Object; @ 70
Event: 61.052 Thread 0x000000001938a800 Uncommon trap: reason=unstable_if action=reinterpret pc=0x00000000034c5c78 method=javazoom.jl.decoder.LayerIIIDecoder.stereo(I)V @ 144
Event: 61.052 Thread 0x000000001938a800 Uncommon trap: reason=predicate action=maybe_recompile pc=0x00000000034bab78 method=javazoom.jl.decoder.LayerIIIDecoder.stereo(I)V @ 1892
Event: 61.585 Thread 0x000000001938a800 Uncommon trap: reason=unstable_if action=reinterpret pc=0x0000000002f80810 method=com.badlogic.gdx.utils.Array.removeIndex(I)Ljava/lang/Object; @ 70
Event: 68.992 Thread 0x000000001938a800 Uncommon trap: reason=unstable_if action=reinterpret pc=0x00000000033cac18 method=mx.itesm.naughty.Screens.PlayScreen.handleSpawningItems()V @ 7
Event: 68.993 Thread 0x000000001938a800 Uncommon trap: reason=class_check action=maybe_recompile pc=0x00000000033b49f8 method=com.badlogic.gdx.graphics.g2d.TextureRegion.setRegion(IIII)V @ 50
Event: 68.995 Thread 0x000000001938a800 Uncommon trap: reason=unstable_if action=reinterpret pc=0x0000000003510b0c method=mx.itesm.naughty.Screens.PlayScreen.render(F)V @ 134
Event: 69.976 Thread 0x000000001938a800 Uncommon trap: reason=array_check action=maybe_recompile pc=0x00000000034f987c method=com.badlogic.gdx.utils.Array.removeIndex(I)Ljava/lang/Object; @ 99
Event: 71.642 Thread 0x000000001938a800 Uncommon trap: reason=array_check action=maybe_recompile pc=0x00000000034f987c method=com.badlogic.gdx.utils.Array.removeIndex(I)Ljava/lang/Object; @ 99
Event: 72.191 Thread 0x000000001938a800 Uncommon trap: reason=array_check action=maybe_recompile pc=0x00000000034f987c method=com.badlogic.gdx.utils.Array.removeIndex(I)Ljava/lang/Object; @ 99

Classes redefined (0 events):
No events

Internal exceptions (10 events):
Event: 1.602 Thread 0x0000000002d34800 Exception <a 'java/security/PrivilegedActionException'> (0x00000000d64166a0) thrown at [D:\src\AOSP-openjdk-cygwin\jdk8u\hotspot\src\share\vm\prims\jvm.cpp, line 1390]
Event: 1.602 Thread 0x0000000002d34800 Exception <a 'java/security/PrivilegedActionException'> (0x00000000d64168b0) thrown at [D:\src\AOSP-openjdk-cygwin\jdk8u\hotspot\src\share\vm\prims\jvm.cpp, line 1390]
Event: 2.254 Thread 0x0000000002d34800 Exception <a 'java/security/PrivilegedActionException'> (0x00000000d66a6ac8) thrown at [D:\src\AOSP-openjdk-cygwin\jdk8u\hotspot\src\share\vm\prims\jvm.cpp, line 1390]
Event: 2.254 Thread 0x0000000002d34800 Exception <a 'java/security/PrivilegedActionException'> (0x00000000d66a87a0) thrown at [D:\src\AOSP-openjdk-cygwin\jdk8u\hotspot\src\share\vm\prims\jvm.cpp, line 1390]
Event: 2.254 Thread 0x0000000002d34800 Exception <a 'java/security/PrivilegedActionException'> (0x00000000d66a9910) thrown at [D:\src\AOSP-openjdk-cygwin\jdk8u\hotspot\src\share\vm\prims\jvm.cpp, line 1390]
Event: 2.255 Thread 0x0000000002d34800 Exception <a 'java/security/PrivilegedActionException'> (0x00000000d66aee60) thrown at [D:\src\AOSP-openjdk-cygwin\jdk8u\hotspot\src\share\vm\prims\jvm.cpp, line 1390]
Event: 2.255 Thread 0x0000000002d34800 Exception <a 'java/security/PrivilegedActionException'> (0x00000000d66afab8) thrown at [D:\src\AOSP-openjdk-cygwin\jdk8u\hotspot\src\share\vm\prims\jvm.cpp, line 1390]
Event: 2.255 Thread 0x0000000002d34800 Exception <a 'java/security/PrivilegedActionException'> (0x00000000d66b06e0) thrown at [D:\src\AOSP-openjdk-cygwin\jdk8u\hotspot\src\share\vm\prims\jvm.cpp, line 1390]
Event: 57.980 Thread 0x000000001938a800 Exception <a 'java/lang/NoSuchFieldError': method resolution failed> (0x00000000d6a1ef58) thrown at [D:\src\AOSP-openjdk-cygwin\jdk8u\hotspot\src\share\vm\prims\methodHandles.cpp, line 1167]
Event: 57.987 Thread 0x000000001938a800 Exception <a 'java/lang/NoSuchFieldError': method resolution failed> (0x00000000d6a2ceb8) thrown at [D:\src\AOSP-openjdk-cygwin\jdk8u\hotspot\src\share\vm\prims\methodHandles.cpp, line 1167]

Events (10 events):
Event: 70.666 Thread 0x000000001909b800 flushing nmethod 0x0000000003251990
Event: 70.672 Thread 0x00000000190f3000 flushing nmethod 0x000000000325f850
Event: 71.262 Thread 0x000000001938a800 DEOPT PACKING pc=0x00000000034a6b35 sp=0x000000001ab0eeb0
Event: 71.262 Thread 0x000000001938a800 DEOPT UNPACKING pc=0x0000000002e775d0 sp=0x000000001ab0ebf0 mode 0
Event: 71.642 Thread 0x000000001938a800 Uncommon trap: trap_request=0xffffffd6 fr.pc=0x00000000034f987c
Event: 71.642 Thread 0x000000001938a800 DEOPT PACKING pc=0x00000000034f987c sp=0x000000001ab0eff0
Event: 71.642 Thread 0x000000001938a800 DEOPT UNPACKING pc=0x0000000002e7557b sp=0x000000001ab0efb8 mode 2
Event: 72.191 Thread 0x000000001938a800 Uncommon trap: trap_request=0xffffffd6 fr.pc=0x00000000034f987c
Event: 72.191 Thread 0x000000001938a800 DEOPT PACKING pc=0x00000000034f987c sp=0x000000001ab0eff0
Event: 72.191 Thread 0x000000001938a800 DEOPT UNPACKING pc=0x0000000002e7557b sp=0x000000001ab0efb8 mode 2


Dynamic libraries:
0x00007ff6c8500000 - 0x00007ff6c8531000 	C:\Program Files\Android\Android Studio\jre\bin\java.exe
0x00007ffb312b0000 - 0x00007ffb3145c000 	C:\Windows\SYSTEM32\ntdll.dll
0x00007ffb2feb0000 - 0x00007ffb2ffee000 	C:\Windows\system32\KERNEL32.DLL
0x00007ffb2e530000 - 0x00007ffb2e645000 	C:\Windows\system32\KERNELBASE.dll
0x00007ffb30e30000 - 0x00007ffb30eda000 	C:\Windows\system32\ADVAPI32.dll
0x00007ffb30430000 - 0x00007ffb305a7000 	C:\Windows\system32\USER32.dll
0x00007ffb2bdf0000 - 0x00007ffb2c06b000 	C:\Windows\WinSxS\amd64_microsoft.windows.common-controls_6595b64144ccf1df_6.0.9600.17415_none_6240486fecbd8abb\COMCTL32.dll
0x00007ffb305c0000 - 0x00007ffb3066a000 	C:\Windows\system32\msvcrt.dll
0x00007ffb30ee0000 - 0x00007ffb30f39000 	C:\Windows\SYSTEM32\sechost.dll
0x00007ffb308d0000 - 0x00007ffb30a11000 	C:\Windows\system32\RPCRT4.dll
0x00007ffb30140000 - 0x00007ffb30291000 	C:\Windows\system32\GDI32.dll
0x00007ffb30f40000 - 0x00007ffb30f76000 	C:\Windows\system32\IMM32.DLL
0x00007ffb302d0000 - 0x00007ffb30423000 	C:\Windows\system32\MSCTF.dll
0x00007ffb2d660000 - 0x00007ffb2d692000 	C:\Windows\SYSTEM32\ntmarta.dll
0x00007ffb2e2a0000 - 0x00007ffb2e2ce000 	C:\Windows\SYSTEM32\SspiCli.dll
0x00000000693e0000 - 0x00000000694b2000 	C:\Program Files\Android\Android Studio\jre\jre\bin\msvcr100.dll
0x00000000695a0000 - 0x0000000069de1000 	C:\Program Files\Android\Android Studio\jre\jre\bin\server\jvm.dll
0x00007ffb186e0000 - 0x00007ffb186e9000 	C:\Windows\SYSTEM32\WSOCK32.dll
0x00007ffb27f70000 - 0x00007ffb27f92000 	C:\Windows\SYSTEM32\WINMM.dll
0x00007ffb29ab0000 - 0x00007ffb29aba000 	C:\Windows\SYSTEM32\VERSION.dll
0x00007ffb302c0000 - 0x00007ffb302c7000 	C:\Windows\system32\PSAPI.DLL
0x00007ffb31130000 - 0x00007ffb3118a000 	C:\Windows\system32\WS2_32.dll
0x00007ffb27c70000 - 0x00007ffb27c9a000 	C:\Windows\SYSTEM32\WINMMBASE.dll
0x00007ffb30a20000 - 0x00007ffb30a29000 	C:\Windows\system32\NSI.dll
0x00007ffb2e650000 - 0x00007ffb2e69f000 	C:\Windows\SYSTEM32\cfgmgr32.dll
0x00007ffb2d1d0000 - 0x00007ffb2d1f8000 	C:\Windows\SYSTEM32\DEVOBJ.dll
0x00007ffb2b780000 - 0x00007ffb2b78f000 	C:\Program Files\Android\Android Studio\jre\jre\bin\verify.dll
0x00007ffb1f020000 - 0x00007ffb1f049000 	C:\Program Files\Android\Android Studio\jre\jre\bin\java.dll
0x00007ffb1b560000 - 0x00007ffb1b583000 	C:\Program Files\Android\Android Studio\jre\jre\bin\instrument.dll
0x00007ffb1f090000 - 0x00007ffb1f0a6000 	C:\Program Files\Android\Android Studio\jre\jre\bin\zip.dll
0x00007ffb2e990000 - 0x00007ffb2fea9000 	C:\Windows\system32\SHELL32.dll
0x00007ffb30a30000 - 0x00007ffb30c41000 	C:\Windows\SYSTEM32\combase.dll
0x00007ffb2e930000 - 0x00007ffb2e984000 	C:\Windows\system32\SHLWAPI.dll
0x00007ffb2c9a0000 - 0x00007ffb2ca52000 	C:\Windows\SYSTEM32\SHCORE.dll
0x00007ffb2e400000 - 0x00007ffb2e415000 	C:\Windows\SYSTEM32\profapi.dll
0x00007ffb1aac0000 - 0x00007ffb1aada000 	C:\Program Files\Android\Android Studio\bin\breakgen64.dll
0x00007ffb1d260000 - 0x00007ffb1d27a000 	C:\Program Files\Android\Android Studio\jre\jre\bin\net.dll
0x00007ffb2dce0000 - 0x00007ffb2dd39000 	C:\Windows\system32\mswsock.dll
0x0000000065580000 - 0x0000000065616000 	C:\Users\Erick Bautista\AppData\Local\Temp\libgdxErick Bautista\12dfaa03\gdx64.dll
0x00007ffb2dd40000 - 0x00007ffb2dd60000 	C:\Windows\SYSTEM32\CRYPTSP.dll
0x00007ffb2d910000 - 0x00007ffb2d946000 	C:\Windows\system32\rsaenh.dll
0x00007ffb2df90000 - 0x00007ffb2dfb6000 	C:\Windows\SYSTEM32\bcrypt.dll
0x00007ffb2da20000 - 0x00007ffb2da41000 	C:\Windows\SYSTEM32\USERENV.dll
0x00007ffb2e2d0000 - 0x00007ffb2e333000 	C:\Windows\system32\bcryptprimitives.dll
0x00007ffb2e340000 - 0x00007ffb2e34b000 	C:\Windows\SYSTEM32\CRYPTBASE.dll
0x00007ffb28590000 - 0x00007ffb285ba000 	C:\Windows\SYSTEM32\IPHLPAPI.DLL
0x00007ffb28570000 - 0x00007ffb2857a000 	C:\Windows\SYSTEM32\WINNSI.DLL
0x00007ffb27ca0000 - 0x00007ffb27cb6000 	C:\Windows\SYSTEM32\dhcpcsvc6.DLL
0x00007ffb27f50000 - 0x00007ffb27f6a000 	C:\Windows\SYSTEM32\dhcpcsvc.DLL
0x00007ffb1d240000 - 0x00007ffb1d251000 	C:\Program Files\Android\Android Studio\jre\jre\bin\nio.dll
0x0000000180000000 - 0x0000000180053000 	C:\Users\Erick Bautista\AppData\Local\Temp\libgdxErick Bautista\dc0f0009\lwjgl64.dll
0x00007ffb19230000 - 0x00007ffb1935b000 	C:\Windows\SYSTEM32\OPENGL32.dll
0x00007ffb19200000 - 0x00007ffb1922e000 	C:\Windows\SYSTEM32\GLU32.dll
0x00007ffb19100000 - 0x00007ffb191f8000 	C:\Windows\SYSTEM32\DDRAW.dll
0x00007ffb190f0000 - 0x00007ffb190f9000 	C:\Windows\SYSTEM32\DCIMAN32.dll
0x0000000002b90000 - 0x0000000002bf4000 	C:\Users\ERICKB~1\AppData\Local\Temp\libgdxErick Bautista\dc0f0009\OpenAL64.dll
0x00007ffb30670000 - 0x00007ffb30804000 	C:\Windows\system32\ole32.dll
0x00007ffb2d200000 - 0x00007ffb2d20b000 	C:\Windows\SYSTEM32\kernel.appcore.dll
0x00007ffb2d020000 - 0x00007ffb2d149000 	C:\Windows\system32\uxtheme.dll
0x00007ffb30810000 - 0x00007ffb308c6000 	C:\Windows\SYSTEM32\clbcatq.dll
0x00007ffb0ba70000 - 0x00007ffb0bb0d000 	C:\Windows\SYSTEM32\dsound.dll
0x00007ffb2da50000 - 0x00007ffb2da96000 	C:\Windows\SYSTEM32\POWRPROF.dll
0x00007ffb2b700000 - 0x00007ffb2b770000 	C:\Windows\System32\MMDevApi.dll
0x00007ffb27980000 - 0x00007ffb279fe000 	C:\Windows\SYSTEM32\AUDIOSES.DLL
0x00007ffb30070000 - 0x00007ffb30131000 	C:\Windows\system32\OLEAUT32.dll
0x00007ffb2c7a0000 - 0x00007ffb2c7c1000 	C:\Windows\system32\dwmapi.dll
0x00007ffb09ec0000 - 0x00007ffb0a7ef000 	C:\Windows\SYSTEM32\ig75icd64.dll
0x00007ffb28d70000 - 0x00007ffb29755000 	C:\Windows\SYSTEM32\igdusc64.dll
0x00007ffb2b9f0000 - 0x00007ffb2ba02000 	C:\Windows\SYSTEM32\WTSAPI32.dll
0x00007ffb248e0000 - 0x00007ffb24972000 	C:\Windows\SYSTEM32\mscms.dll
0x00007ffb12ec0000 - 0x00007ffb12f01000 	C:\Windows\SYSTEM32\icm32.dll
0x0000000066bc0000 - 0x0000000066c7b000 	C:\Users\Erick Bautista\AppData\Local\Temp\libgdxErick Bautista\54593449\gdx-box2d64.dll
0x00007ffb153b0000 - 0x00007ffb1553a000 	C:\Windows\SYSTEM32\dbghelp.dll

VM Arguments:
jvm_args: -javaagent:C:\Program Files\Android\Android Studio\lib\idea_rt.jar=54557:C:\Program Files\Android\Android Studio\bin -Dfile.encoding=UTF-8 
java_command: mx.itesm.naughty.desktop.DesktopLauncher
java_class_path (initial): C:\Program Files\Android\Android Studio\jre\jre\lib\charsets.jar;C:\Program Files\Android\Android Studio\jre\jre\lib\ext\access-bridge-64.jar;C:\Program Files\Android\Android Studio\jre\jre\lib\ext\cldrdata.jar;C:\Program Files\Android\Android Studio\jre\jre\lib\ext\dnsns.jar;C:\Program Files\Android\Android Studio\jre\jre\lib\ext\jaccess.jar;C:\Program Files\Android\Android Studio\jre\jre\lib\ext\localedata.jar;C:\Program Files\Android\Android Studio\jre\jre\lib\ext\nashorn.jar;C:\Program Files\Android\Android Studio\jre\jre\lib\ext\sunec.jar;C:\Program Files\Android\Android Studio\jre\jre\lib\ext\sunjce_provider.jar;C:\Program Files\Android\Android Studio\jre\jre\lib\ext\sunmscapi.jar;C:\Program Files\Android\Android Studio\jre\jre\lib\ext\sunpkcs11.jar;C:\Program Files\Android\Android Studio\jre\jre\lib\ext\zipfs.jar;C:\Program Files\Android\Android Studio\jre\jre\lib\jce.jar;C:\Program Files\Android\Android Studio\jre\jre\lib\jsse.jar;C:\Program Files\Android\Android Studio\jre\jre\lib\management-agent.jar;C:\Program Files\Android\Android Studio\jre\jre\lib\resources.jar;C:\Program Files\Android\Android Studio\jre\jre\lib\rt.jar;C:\Users\Erick Bautista\Documents\KaliSad\Proyectos de Videojuegos\NaughtyScape\desktop\build\classes\java\main;C:\Users\Erick Bautista\Documents\KaliSad\Proyectos de Videojuegos\NaughtyScape\core\build\classes\java\main;C:\Users\Erick Bautista\.gradle\caches\modules-2\files-2.1\com.badlogicgames.gdx\gdx-backend-lwjgl\1.9.8\b7c138f14ed67ad830ae7597da3d86ae02b20eee\gdx-backend-lwjgl-1.9.8.jar;C:\Users\Erick Bautista\.gradle\caches\modules-2\files-2.1\com.badlogicgames.gdx\gdx-platform\1.9.8\604a2ef2c7c92a5900114757cbd3fb4dcbb8270c\gdx-platform-1.9.8-natives-desktop.jar;C:\Users\Erick Bautista\.gradle\caches\modules-2\files-2.1\com.badlogicgames.gdx\gdx-box2d-platform\1.9.8\3195b56f82751d7cd7de85edb6824d17bf479781\gdx-box2d-platform-1.9.8-natives-desktop.jar;C:\Users\Erick Bautista\.gradle\caches\modules-2\file
Launcher Type: SUN_STANDARD

Environment Variables:
PATH=C:\Program Files (x86)\Common Files\Oracle\Java\javapath;C:\Windows\system32;C:\Windows;C:\Windows\System32\Wbem;C:\Windows\System32\WindowsPowerShell\v1.0\;C:\Program Files\Microsoft VS Code\bin;C:\Program Files (x86)\Microsoft SQL Server\Client SDK\ODBC\130\Tools\Binn\;C:\Program Files (x86)\Microsoft SQL Server\140\Tools\Binn\;C:\Program Files (x86)\Microsoft SQL Server\140\DTS\Binn\;C:\Program Files (x86)\Microsoft SQL Server\140\Tools\Binn\ManagementStudio\;C:\Program Files\Microsoft SQL Server\Client SDK\ODBC\130\Tools\Binn\;C:\Program Files\Microsoft SQL Server\140\Tools\Binn\;C:\Program Files\Microsoft SQL Server\140\DTS\Binn\;C:\Program Files\nodejs\;C:\Program Files\Git\cmd;C:\Program Files\NetMake\v9\components\php;C:\Users\Erick Bautista\AppData\Local\Programs\Python\Python36\Scripts\;C:\Users\Erick Bautista\AppData\Local\Programs\Python\Python36\;C:\Users\Erick Bautista\AppData\Local\Programs\Microsoft VS Code\bin;C:\Users\Erick Bautista\AppData\Roaming\npm
USERNAME=Erick Bautista
OS=Windows_NT
PROCESSOR_IDENTIFIER=Intel64 Family 6 Model 69 Stepping 1, GenuineIntel



---------------  S Y S T E M  ---------------

OS: Windows 8.1 , 64 bit Build 9600 (6.3.9600.17415)

CPU:total 4 (initial active 4) (2 cores per cpu, 2 threads per core) family 6 model 69 stepping 1, cmov, cx8, fxsr, mmx, sse, sse2, sse3, ssse3, sse4.1, sse4.2, popcnt, avx, avx2, aes, clmul, erms, lzcnt, ht, tsc, tscinvbit, bmi1, bmi2

Memory: 4k page, physical 8257644k(3011544k free), swap 16646252k(8918820k free)

vm_info: OpenJDK 64-Bit Server VM (25.152-b06) for windows-amd64 JRE (1.8.0_152-release-1136-b06), built by "builder" with MS VC++ 10.0 (VS2010)

time: Sat Nov 17 19:34:20 2018
elapsed time: 78 seconds (0d 0h 1m 18s)

