#
# A fatal error has been detected by the Java Runtime Environment:
#
#  EXCEPTION_ACCESS_VIOLATION (0xc0000005) at pc=0x0000000066bcbd0d, pid=5148, tid=0x0000000000002fb4
#
# JRE version: OpenJDK Runtime Environment (8.0_152-b06) (build 1.8.0_152-release-1136-b06)
# Java VM: OpenJDK 64-Bit Server VM (25.152-b06 mixed mode windows-amd64 compressed oops)
# Problematic frame:
# C  [gdx-box2d64.dll+0xbd0d]
#
# Failed to write core dump. Minidumps are not enabled by default on client versions of Windows
#
# If you would like to submit a bug report, please visit:
#   http://bugreport.java.com/bugreport/crash.jsp
# The crash happened outside the Java Virtual Machine in native code.
# See problematic frame for where to report the bug.
#

---------------  T H R E A D  ---------------

Current thread (0x00000000199cd000):  JavaThread "LWJGL Application" [_thread_in_native, id=12212, stack(0x000000001a780000,0x000000001a880000)]

siginfo: ExceptionCode=0xc0000005, reading address 0x000000201e66deb0

Registers:
RAX=0x000000201e66deb0, RBX=0x000000001e63f7c0, RCX=0x000000001e63f790, RDX=0x00000000000000b8
RSP=0x000000001a87ee10, RBP=0x0000000000000006, RSI=0x000000001e63f790, RDI=0x000000001a87eed0
R8 =0x000000001e63f790, R9 =0x0000000000000002, R10=0x0000000000000000, R11=0x0000000000000001
R12=0x0000000000000000, R13=0x000000001743f760, R14=0x000000001a87f0c0, R15=0x00000000199cd000
RIP=0x0000000066bcbd0d, EFLAGS=0x0000000000010202

Top of Stack: (sp=0x000000001a87ee10)
0x000000001a87ee10:   000000001743f760 00000000199cd000
0x000000001a87ee20:   0000000069b9f678 0000000019af4a80
0x000000001a87ee30:   0000000000000012 000000001e63f790
0x000000001a87ee40:   00000000172c9238 000000001a87eed0
0x000000001a87ee50:   000000001a87f018 0000000000000000
0x000000001a87ee60:   000000001743f760 0000000066be2483
0x000000001a87ee70:   000000001a87ef10 000000001a87ef10
0x000000001a87ee80:   0000000000000003 000000001743f760
0x000000001a87ee90:   0000000000000001 00000000172c9238
0x000000001a87eea0:   0000000002ae7870 0000000066be8616
0x000000001a87eeb0:   0000000000000000 0000000002ae7870
0x000000001a87eec0:   000000001a87f018 0000000002ae54d8
0x000000001a87eed0:   410428f000000002 00000000401d70a1
0x000000001a87eee0:   0000000000000000 0000000000000000
0x000000001a87eef0:   0000010100000000 000000001a87f001
0x000000001a87ef00:   0000000000000000 000000003f800000 

Instructions: (pc=0x0000000066bcbd0d)
0x0000000066bcbced:   48 8d 05 6c a3 05 00 0f b6 1c 18 80 fb 0d 0f b6
0x0000000066bcbcfd:   eb 77 21 48 8d 1c de 48 8b 43 10 48 85 c0 74 3a
0x0000000066bcbd0d:   48 8b 10 48 89 53 10 48 83 c4 28 5b 5e 5f 5d 41
0x0000000066bcbd1d:   5c 41 5d c3 48 8d 15 18 9e 04 00 48 8d 0d 99 9e 


Register to memory mapping:

RAX=0x000000201e66deb0 is an unknown value
RBX=0x000000001e63f7c0 is an unknown value
RCX=0x000000001e63f790 is an unknown value
RDX=0x00000000000000b8 is an unknown value
RSP=0x000000001a87ee10 is pointing into the stack for thread: 0x00000000199cd000
RBP=0x0000000000000006 is an unknown value
RSI=0x000000001e63f790 is an unknown value
RDI=0x000000001a87eed0 is pointing into the stack for thread: 0x00000000199cd000
R8 =0x000000001e63f790 is an unknown value
R9 =0x0000000000000002 is an unknown value
R10=0x0000000000000000 is an unknown value
R11=0x0000000000000001 is an unknown value
R12=0x0000000000000000 is an unknown value
R13={method} {0x000000001743f768} 'jniCreateBody' '(JIFFFFFFFFZZZZZF)J' in 'com/badlogic/gdx/physics/box2d/World'
R14=0x000000001a87f0c0 is pointing into the stack for thread: 0x00000000199cd000
R15=0x00000000199cd000 is a thread


Stack: [0x000000001a780000,0x000000001a880000],  sp=0x000000001a87ee10,  free space=1019k
Native frames: (J=compiled Java code, j=interpreted, Vv=VM code, C=native code)
C  [gdx-box2d64.dll+0xbd0d]
C  [gdx-box2d64.dll+0x22483]
C  [gdx-box2d64.dll+0x28616]
C  0x0000000002af89a7

Java frames: (J=compiled Java code, j=interpreted, Vv=VM code)
j  com.badlogic.gdx.physics.box2d.World.jniCreateBody(JIFFFFFFFFZZZZZF)J+0
j  com.badlogic.gdx.physics.box2d.World.createBody(Lcom/badlogic/gdx/physics/box2d/BodyDef;)Lcom/badlogic/gdx/physics/box2d/Body;+80
j  mx.itesm.naughty.Sprites.Items.Bala.defineFireBall()V+67
j  mx.itesm.naughty.Sprites.Items.Bala.<init>(Lmx/itesm/naughty/Screens/PlayScreen;FFZ)V+106
j  mx.itesm.naughty.Sprites.Player.fire()V+44
j  mx.itesm.naughty.Screens.PlayScreen$6.touchDown(Lcom/badlogic/gdx/scenes/scene2d/InputEvent;FFII)Z+7
J 1180 C2 com.badlogic.gdx.scenes.scene2d.InputListener.handle(Lcom/badlogic/gdx/scenes/scene2d/Event;)Z (320 bytes) @ 0x0000000002f1ce00 [0x0000000002f1cb20+0x2e0]
J 1356 C2 com.badlogic.gdx.scenes.scene2d.Actor.notify(Lcom/badlogic/gdx/scenes/scene2d/Event;Z)Z (180 bytes) @ 0x0000000002fbb008 [0x0000000002fbaf00+0x108]
J 1347 C1 com.badlogic.gdx.scenes.scene2d.Actor.fire(Lcom/badlogic/gdx/scenes/scene2d/Event;)Z (294 bytes) @ 0x0000000002fb0034 [0x0000000002faee80+0x11b4]
j  com.badlogic.gdx.scenes.scene2d.Stage.touchDown(IIII)Z+165
J 1220 C1 com.badlogic.gdx.backends.lwjgl.LwjglInput.processEvents()V (478 bytes) @ 0x0000000002f471e4 [0x0000000002f46320+0xec4]
j  com.badlogic.gdx.backends.lwjgl.LwjglApplication.mainLoop()V+600
j  com.badlogic.gdx.backends.lwjgl.LwjglApplication$1.run()V+27
v  ~StubRoutines::call_stub

---------------  P R O C E S S  ---------------

Java Threads: ( => current thread )
  0x0000000018f50000 JavaThread "AsynchExecutor-Thread" daemon [_thread_blocked, id=10980, stack(0x0000000020240000,0x0000000020340000)]
  0x0000000019c21000 JavaThread "LWJGL Timer" daemon [_thread_blocked, id=13084, stack(0x000000001e710000,0x000000001e810000)]
  0x0000000019bd9800 JavaThread "AsynchExecutor-Thread" daemon [_thread_blocked, id=6080, stack(0x000000001e410000,0x000000001e510000)]
  0x00000000029e4800 JavaThread "DestroyJavaVM" [_thread_blocked, id=10952, stack(0x00000000027e0000,0x00000000028e0000)]
=>0x00000000199cd000 JavaThread "LWJGL Application" [_thread_in_native, id=12212, stack(0x000000001a780000,0x000000001a880000)]
  0x0000000018e27000 JavaThread "Service Thread" daemon [_thread_blocked, id=5432, stack(0x00000000194a0000,0x00000000195a0000)]
  0x0000000018dec000 JavaThread "C1 CompilerThread2" daemon [_thread_blocked, id=7272, stack(0x00000000193a0000,0x00000000194a0000)]
  0x0000000018d8d800 JavaThread "C2 CompilerThread1" daemon [_thread_blocked, id=7248, stack(0x00000000192a0000,0x00000000193a0000)]
  0x0000000018d07800 JavaThread "C2 CompilerThread0" daemon [_thread_blocked, id=11364, stack(0x00000000191a0000,0x00000000192a0000)]
  0x0000000018d06800 JavaThread "Monitor Ctrl-Break" daemon [_thread_in_native, id=9120, stack(0x00000000190a0000,0x00000000191a0000)]
  0x0000000017609800 JavaThread "Attach Listener" daemon [_thread_blocked, id=12936, stack(0x0000000018ba0000,0x0000000018ca0000)]
  0x0000000017608800 JavaThread "Signal Dispatcher" daemon [_thread_blocked, id=11068, stack(0x0000000018aa0000,0x0000000018ba0000)]
  0x00000000175e8000 JavaThread "Finalizer" daemon [_thread_blocked, id=6472, stack(0x00000000188a0000,0x00000000189a0000)]
  0x0000000002ad3800 JavaThread "Reference Handler" daemon [_thread_blocked, id=2592, stack(0x00000000187a0000,0x00000000188a0000)]

Other Threads:
  0x00000000175c5800 VMThread [stack: 0x00000000186a0000,0x00000000187a0000] [id=6852]
  0x0000000018e2a000 WatcherThread [stack: 0x00000000195a0000,0x00000000196a0000] [id=12940]

VM state:not at safepoint (normal execution)

VM Mutex/Monitor currently owned by a thread: None

Heap:
 PSYoungGen      total 38400K, used 7549K [0x00000000d5f80000, 0x00000000d8a00000, 0x0000000100000000)
  eden space 33280K, 7% used [0x00000000d5f80000,0x00000000d61e0c98,0x00000000d8000000)
  from space 5120K, 99% used [0x00000000d8000000,0x00000000d84fea90,0x00000000d8500000)
  to   space 5120K, 0% used [0x00000000d8500000,0x00000000d8500000,0x00000000d8a00000)
 ParOldGen       total 87552K, used 424K [0x0000000081e00000, 0x0000000087380000, 0x00000000d5f80000)
  object space 87552K, 0% used [0x0000000081e00000,0x0000000081e6a368,0x0000000087380000)
 Metaspace       used 9583K, capacity 9733K, committed 9984K, reserved 1058816K
  class space    used 892K, capacity 949K, committed 1024K, reserved 1048576K

Card table byte_map: [0x0000000011ea0000,0x00000000122a0000] byte_map_base: 0x0000000011a91000

Marking Bits: (ParMarkBitMap*) 0x0000000069d65aa0
 Begin Bits: [0x0000000012950000, 0x00000000148d8000)
 End Bits:   [0x00000000148d8000, 0x0000000016860000)

Polling page: 0x0000000000ef0000

CodeCache: size=245760Kb used=5239Kb max_used=5239Kb free=240520Kb
 bounds [0x0000000002ae0000, 0x0000000003010000, 0x0000000011ae0000]
 total_blobs=1919 nmethods=1409 adapters=424
 compilation: enabled

Compilation events (10 events):
Event: 43.233 Thread 0x0000000018d07800 1414       4       com.badlogic.gdx.scenes.scene2d.ui.Table::hit (63 bytes)
Event: 43.234 Thread 0x0000000018dec000 1415       3       mx.itesm.naughty.Screens.PlayScreen$5::touchUp (23 bytes)
Event: 43.234 Thread 0x0000000018dec000 nmethod 1415 0x0000000002fdead0 code [0x0000000002fdec40, 0x0000000002fdee68]
Event: 43.235 Thread 0x0000000018dec000 1416       1       mx.itesm.naughty.Sprites.Player::setPushing (6 bytes)
Event: 43.235 Thread 0x0000000018dec000 nmethod 1416 0x0000000002fde810 code [0x0000000002fde960, 0x0000000002fdea70]
Event: 43.238 Thread 0x0000000018d8d800 1417       4       com.badlogic.gdx.utils.Pool::free (60 bytes)
Event: 43.246 Thread 0x0000000018d07800 nmethod 1414 0x0000000002ff2450 code [0x0000000002ff2600, 0x0000000002ff2a58]
Event: 43.247 Thread 0x0000000018d8d800 nmethod 1417 0x0000000002ff1d50 code [0x0000000002ff1ee0, 0x0000000002ff21c8]
Event: 43.498 Thread 0x0000000018dec000 1418   !   3       org.lwjgl.opengl.WindowsDisplay::updateCursor (69 bytes)
Event: 43.501 Thread 0x0000000018dec000 nmethod 1418 0x0000000002ff0590 code [0x0000000002ff07e0, 0x0000000002ff1758]

GC Heap History (2 events):
Event: 8.729 GC heap before
{Heap before GC invocations=1 (full 0):
 PSYoungGen      total 38400K, used 33280K [0x00000000d5f80000, 0x00000000d8a00000, 0x0000000100000000)
  eden space 33280K, 100% used [0x00000000d5f80000,0x00000000d8000000,0x00000000d8000000)
  from space 5120K, 0% used [0x00000000d8500000,0x00000000d8500000,0x00000000d8a00000)
  to   space 5120K, 0% used [0x00000000d8000000,0x00000000d8000000,0x00000000d8500000)
 ParOldGen       total 87552K, used 0K [0x0000000081e00000, 0x0000000087380000, 0x00000000d5f80000)
  object space 87552K, 0% used [0x0000000081e00000,0x0000000081e00000,0x0000000087380000)
 Metaspace       used 9158K, capacity 9279K, committed 9344K, reserved 1058816K
  class space    used 869K, capacity 884K, committed 896K, reserved 1048576K
Event: 8.744 GC heap after
Heap after GC invocations=1 (full 0):
 PSYoungGen      total 38400K, used 5114K [0x00000000d5f80000, 0x00000000d8a00000, 0x0000000100000000)
  eden space 33280K, 0% used [0x00000000d5f80000,0x00000000d5f80000,0x00000000d8000000)
  from space 5120K, 99% used [0x00000000d8000000,0x00000000d84fea90,0x00000000d8500000)
  to   space 5120K, 0% used [0x00000000d8500000,0x00000000d8500000,0x00000000d8a00000)
 ParOldGen       total 87552K, used 424K [0x0000000081e00000, 0x0000000087380000, 0x00000000d5f80000)
  object space 87552K, 0% used [0x0000000081e00000,0x0000000081e6a368,0x0000000087380000)
 Metaspace       used 9158K, capacity 9279K, committed 9344K, reserved 1058816K
  class space    used 869K, capacity 884K, committed 896K, reserved 1048576K
}

Deoptimization events (10 events):
Event: 10.521 Thread 0x00000000199cd000 Uncommon trap: reason=array_check action=maybe_recompile pc=0x0000000002edb9cc method=com.badlogic.gdx.utils.Array.add(Ljava/lang/Object;)V @ 46
Event: 10.522 Thread 0x00000000199cd000 Uncommon trap: reason=array_check action=maybe_recompile pc=0x0000000002edb9cc method=com.badlogic.gdx.utils.Array.add(Ljava/lang/Object;)V @ 46
Event: 10.522 Thread 0x00000000199cd000 Uncommon trap: reason=array_check action=maybe_recompile pc=0x0000000002edb9cc method=com.badlogic.gdx.utils.Array.add(Ljava/lang/Object;)V @ 46
Event: 10.522 Thread 0x00000000199cd000 Uncommon trap: reason=array_check action=maybe_recompile pc=0x0000000002edb9cc method=com.badlogic.gdx.utils.Array.add(Ljava/lang/Object;)V @ 46
Event: 12.552 Thread 0x00000000199cd000 Uncommon trap: reason=unstable_if action=reinterpret pc=0x0000000002f0e3ac method=com.badlogic.gdx.utils.Array.contains(Ljava/lang/Object;Z)Z @ 34
Event: 12.553 Thread 0x00000000199cd000 Uncommon trap: reason=unstable_if action=reinterpret pc=0x0000000002ef4678 method=com.badlogic.gdx.utils.Array.contains(Ljava/lang/Object;Z)Z @ 34
Event: 18.581 Thread 0x00000000199cd000 Uncommon trap: reason=unstable_if action=reinterpret pc=0x0000000002f86648 method=mx.itesm.naughty.Sprites.Enemies.DeathGul.update(F)V @ 14
Event: 18.582 Thread 0x00000000199cd000 Uncommon trap: reason=unstable_if action=reinterpret pc=0x0000000002f8503c method=mx.itesm.naughty.Sprites.Enemies.DeathGul.draw(Lcom/badlogic/gdx/graphics/g2d/Batch;)V @ 4
Event: 23.957 Thread 0x00000000199cd000 Uncommon trap: reason=unstable_if action=reinterpret pc=0x0000000002fc1bcc method=org.lwjgl.opengl.Sync.sync(I)V @ 30
Event: 28.609 Thread 0x00000000199cd000 Uncommon trap: reason=unstable_if action=reinterpret pc=0x0000000002ff7a34 method=mx.itesm.naughty.Screens.PlayScreen.render(F)V @ 189

Classes redefined (0 events):
No events

Internal exceptions (10 events):
Event: 0.671 Thread 0x00000000029e4800 Exception <a 'java/security/PrivilegedActionException'> (0x00000000d6414b38) thrown at [D:\src\AOSP-openjdk-cygwin\jdk8u\hotspot\src\share\vm\prims\jvm.cpp, line 1390]
Event: 0.671 Thread 0x00000000029e4800 Exception <a 'java/security/PrivilegedActionException'> (0x00000000d6414d48) thrown at [D:\src\AOSP-openjdk-cygwin\jdk8u\hotspot\src\share\vm\prims\jvm.cpp, line 1390]
Event: 0.671 Thread 0x00000000029e4800 Exception <a 'java/security/PrivilegedActionException'> (0x00000000d6416280) thrown at [D:\src\AOSP-openjdk-cygwin\jdk8u\hotspot\src\share\vm\prims\jvm.cpp, line 1390]
Event: 0.671 Thread 0x00000000029e4800 Exception <a 'java/security/PrivilegedActionException'> (0x00000000d6416490) thrown at [D:\src\AOSP-openjdk-cygwin\jdk8u\hotspot\src\share\vm\prims\jvm.cpp, line 1390]
Event: 1.310 Thread 0x00000000029e4800 Exception <a 'java/security/PrivilegedActionException'> (0x00000000d66a6738) thrown at [D:\src\AOSP-openjdk-cygwin\jdk8u\hotspot\src\share\vm\prims\jvm.cpp, line 1390]
Event: 1.311 Thread 0x00000000029e4800 Exception <a 'java/security/PrivilegedActionException'> (0x00000000d66a8410) thrown at [D:\src\AOSP-openjdk-cygwin\jdk8u\hotspot\src\share\vm\prims\jvm.cpp, line 1390]
Event: 1.311 Thread 0x00000000029e4800 Exception <a 'java/security/PrivilegedActionException'> (0x00000000d66a9580) thrown at [D:\src\AOSP-openjdk-cygwin\jdk8u\hotspot\src\share\vm\prims\jvm.cpp, line 1390]
Event: 1.311 Thread 0x00000000029e4800 Exception <a 'java/security/PrivilegedActionException'> (0x00000000d66aead0) thrown at [D:\src\AOSP-openjdk-cygwin\jdk8u\hotspot\src\share\vm\prims\jvm.cpp, line 1390]
Event: 1.311 Thread 0x00000000029e4800 Exception <a 'java/security/PrivilegedActionException'> (0x00000000d66af728) thrown at [D:\src\AOSP-openjdk-cygwin\jdk8u\hotspot\src\share\vm\prims\jvm.cpp, line 1390]
Event: 1.312 Thread 0x00000000029e4800 Exception <a 'java/security/PrivilegedActionException'> (0x00000000d66b0350) thrown at [D:\src\AOSP-openjdk-cygwin\jdk8u\hotspot\src\share\vm\prims\jvm.cpp, line 1390]

Events (10 events):
Event: 28.609 Thread 0x00000000199cd000 DEOPT UNPACKING pc=0x0000000002b2557b sp=0x000000001a87f520 mode 2
Event: 30.543 Thread 0x0000000018d07800 flushing nmethod 0x0000000002be17d0
Event: 30.543 Thread 0x0000000018d07800 flushing nmethod 0x0000000002be3390
Event: 30.544 Thread 0x0000000018d07800 flushing nmethod 0x0000000002bed6d0
Event: 30.544 Thread 0x0000000018d07800 flushing nmethod 0x0000000002bef4d0
Event: 30.544 Thread 0x0000000018d07800 flushing nmethod 0x0000000002bf2ad0
Event: 30.544 Thread 0x0000000018d07800 flushing nmethod 0x0000000002bfd150
Event: 31.151 Thread 0x0000000018d8d800 flushing nmethod 0x0000000002c279d0
Event: 43.699 loading class mx/itesm/naughty/Sprites/Items/Bala
Event: 43.699 loading class mx/itesm/naughty/Sprites/Items/Bala done


Dynamic libraries:
0x00007ff6c8500000 - 0x00007ff6c8531000 	C:\Program Files\Android\Android Studio\jre\bin\java.exe
0x00007ffb312b0000 - 0x00007ffb3145c000 	C:\Windows\SYSTEM32\ntdll.dll
0x00007ffb2feb0000 - 0x00007ffb2ffee000 	C:\Windows\system32\KERNEL32.DLL
0x00007ffb2e530000 - 0x00007ffb2e645000 	C:\Windows\system32\KERNELBASE.dll
0x00007ffb30e30000 - 0x00007ffb30eda000 	C:\Windows\system32\ADVAPI32.dll
0x00007ffb30430000 - 0x00007ffb305a7000 	C:\Windows\system32\USER32.dll
0x00007ffb2bdf0000 - 0x00007ffb2c06b000 	C:\Windows\WinSxS\amd64_microsoft.windows.common-controls_6595b64144ccf1df_6.0.9600.17415_none_6240486fecbd8abb\COMCTL32.dll
0x00007ffb305c0000 - 0x00007ffb3066a000 	C:\Windows\system32\msvcrt.dll
0x00007ffb30ee0000 - 0x00007ffb30f39000 	C:\Windows\SYSTEM32\sechost.dll
0x00007ffb308d0000 - 0x00007ffb30a11000 	C:\Windows\system32\RPCRT4.dll
0x00007ffb30140000 - 0x00007ffb30291000 	C:\Windows\system32\GDI32.dll
0x00007ffb30f40000 - 0x00007ffb30f76000 	C:\Windows\system32\IMM32.DLL
0x00007ffb302d0000 - 0x00007ffb30423000 	C:\Windows\system32\MSCTF.dll
0x00007ffb2d660000 - 0x00007ffb2d692000 	C:\Windows\SYSTEM32\ntmarta.dll
0x00007ffb2e2a0000 - 0x00007ffb2e2ce000 	C:\Windows\SYSTEM32\SspiCli.dll
0x00000000693e0000 - 0x00000000694b2000 	C:\Program Files\Android\Android Studio\jre\jre\bin\msvcr100.dll
0x00000000695a0000 - 0x0000000069de1000 	C:\Program Files\Android\Android Studio\jre\jre\bin\server\jvm.dll
0x00007ffb186e0000 - 0x00007ffb186e9000 	C:\Windows\SYSTEM32\WSOCK32.dll
0x00007ffb27f70000 - 0x00007ffb27f92000 	C:\Windows\SYSTEM32\WINMM.dll
0x00007ffb29ab0000 - 0x00007ffb29aba000 	C:\Windows\SYSTEM32\VERSION.dll
0x00007ffb302c0000 - 0x00007ffb302c7000 	C:\Windows\system32\PSAPI.DLL
0x00007ffb31130000 - 0x00007ffb3118a000 	C:\Windows\system32\WS2_32.dll
0x00007ffb27c70000 - 0x00007ffb27c9a000 	C:\Windows\SYSTEM32\WINMMBASE.dll
0x00007ffb30a20000 - 0x00007ffb30a29000 	C:\Windows\system32\NSI.dll
0x00007ffb2e650000 - 0x00007ffb2e69f000 	C:\Windows\SYSTEM32\cfgmgr32.dll
0x00007ffb2d1d0000 - 0x00007ffb2d1f8000 	C:\Windows\SYSTEM32\DEVOBJ.dll
0x00007ffb2b780000 - 0x00007ffb2b78f000 	C:\Program Files\Android\Android Studio\jre\jre\bin\verify.dll
0x00007ffb1f020000 - 0x00007ffb1f049000 	C:\Program Files\Android\Android Studio\jre\jre\bin\java.dll
0x00007ffb1b530000 - 0x00007ffb1b553000 	C:\Program Files\Android\Android Studio\jre\jre\bin\instrument.dll
0x00007ffb1f090000 - 0x00007ffb1f0a6000 	C:\Program Files\Android\Android Studio\jre\jre\bin\zip.dll
0x00007ffb2e990000 - 0x00007ffb2fea9000 	C:\Windows\system32\SHELL32.dll
0x00007ffb30a30000 - 0x00007ffb30c41000 	C:\Windows\SYSTEM32\combase.dll
0x00007ffb2e930000 - 0x00007ffb2e984000 	C:\Windows\system32\SHLWAPI.dll
0x00007ffb2c9a0000 - 0x00007ffb2ca52000 	C:\Windows\SYSTEM32\SHCORE.dll
0x00007ffb2e400000 - 0x00007ffb2e415000 	C:\Windows\SYSTEM32\profapi.dll
0x00007ffb1b570000 - 0x00007ffb1b58a000 	C:\Program Files\Android\Android Studio\bin\breakgen64.dll
0x00007ffb1d260000 - 0x00007ffb1d27a000 	C:\Program Files\Android\Android Studio\jre\jre\bin\net.dll
0x00007ffb2dce0000 - 0x00007ffb2dd39000 	C:\Windows\system32\mswsock.dll
0x0000000065580000 - 0x0000000065616000 	C:\Users\Erick Bautista\AppData\Local\Temp\libgdxErick Bautista\12dfaa03\gdx64.dll
0x00007ffb2dd40000 - 0x00007ffb2dd60000 	C:\Windows\SYSTEM32\CRYPTSP.dll
0x00007ffb2d910000 - 0x00007ffb2d946000 	C:\Windows\system32\rsaenh.dll
0x00007ffb2df90000 - 0x00007ffb2dfb6000 	C:\Windows\SYSTEM32\bcrypt.dll
0x00007ffb2da20000 - 0x00007ffb2da41000 	C:\Windows\SYSTEM32\USERENV.dll
0x00007ffb2e2d0000 - 0x00007ffb2e333000 	C:\Windows\system32\bcryptprimitives.dll
0x00007ffb2e340000 - 0x00007ffb2e34b000 	C:\Windows\SYSTEM32\CRYPTBASE.dll
0x00007ffb28590000 - 0x00007ffb285ba000 	C:\Windows\SYSTEM32\IPHLPAPI.DLL
0x00007ffb28570000 - 0x00007ffb2857a000 	C:\Windows\SYSTEM32\WINNSI.DLL
0x00007ffb27ca0000 - 0x00007ffb27cb6000 	C:\Windows\SYSTEM32\dhcpcsvc6.DLL
0x00007ffb27f50000 - 0x00007ffb27f6a000 	C:\Windows\SYSTEM32\dhcpcsvc.DLL
0x00007ffb1d240000 - 0x00007ffb1d251000 	C:\Program Files\Android\Android Studio\jre\jre\bin\nio.dll
0x0000000180000000 - 0x0000000180053000 	C:\Users\Erick Bautista\AppData\Local\Temp\libgdxErick Bautista\dc0f0009\lwjgl64.dll
0x00007ffb19230000 - 0x00007ffb1935b000 	C:\Windows\SYSTEM32\OPENGL32.dll
0x00007ffb19200000 - 0x00007ffb1922e000 	C:\Windows\SYSTEM32\GLU32.dll
0x00007ffb19100000 - 0x00007ffb191f8000 	C:\Windows\SYSTEM32\DDRAW.dll
0x00007ffb190f0000 - 0x00007ffb190f9000 	C:\Windows\SYSTEM32\DCIMAN32.dll
0x0000000002700000 - 0x0000000002764000 	C:\Users\ERICKB~1\AppData\Local\Temp\libgdxErick Bautista\dc0f0009\OpenAL64.dll
0x00007ffb30670000 - 0x00007ffb30804000 	C:\Windows\system32\ole32.dll
0x00007ffb2d200000 - 0x00007ffb2d20b000 	C:\Windows\SYSTEM32\kernel.appcore.dll
0x00007ffb2d020000 - 0x00007ffb2d149000 	C:\Windows\system32\uxtheme.dll
0x00007ffb30810000 - 0x00007ffb308c6000 	C:\Windows\SYSTEM32\clbcatq.dll
0x00007ffb0ba70000 - 0x00007ffb0bb0d000 	C:\Windows\SYSTEM32\dsound.dll
0x00007ffb2da50000 - 0x00007ffb2da96000 	C:\Windows\SYSTEM32\POWRPROF.dll
0x00007ffb2b700000 - 0x00007ffb2b770000 	C:\Windows\System32\MMDevApi.dll
0x00007ffb27980000 - 0x00007ffb279fe000 	C:\Windows\SYSTEM32\AUDIOSES.DLL
0x00007ffb30070000 - 0x00007ffb30131000 	C:\Windows\system32\OLEAUT32.dll
0x00007ffb2c7a0000 - 0x00007ffb2c7c1000 	C:\Windows\system32\dwmapi.dll
0x00007ffb09ec0000 - 0x00007ffb0a7ef000 	C:\Windows\SYSTEM32\ig75icd64.dll
0x00007ffb28d70000 - 0x00007ffb29755000 	C:\Windows\SYSTEM32\igdusc64.dll
0x00007ffb2b9f0000 - 0x00007ffb2ba02000 	C:\Windows\SYSTEM32\WTSAPI32.dll
0x00007ffb248e0000 - 0x00007ffb24972000 	C:\Windows\SYSTEM32\mscms.dll
0x00007ffb1b110000 - 0x00007ffb1b151000 	C:\Windows\SYSTEM32\icm32.dll
0x0000000066bc0000 - 0x0000000066c7b000 	C:\Users\Erick Bautista\AppData\Local\Temp\libgdxErick Bautista\54593449\gdx-box2d64.dll
0x00007ffb153b0000 - 0x00007ffb1553a000 	C:\Windows\SYSTEM32\dbghelp.dll

VM Arguments:
jvm_args: -javaagent:C:\Program Files\Android\Android Studio\lib\idea_rt.jar=54735:C:\Program Files\Android\Android Studio\bin -Dfile.encoding=UTF-8 
java_command: mx.itesm.naughty.desktop.DesktopLauncher
java_class_path (initial): C:\Program Files\Android\Android Studio\jre\jre\lib\charsets.jar;C:\Program Files\Android\Android Studio\jre\jre\lib\ext\access-bridge-64.jar;C:\Program Files\Android\Android Studio\jre\jre\lib\ext\cldrdata.jar;C:\Program Files\Android\Android Studio\jre\jre\lib\ext\dnsns.jar;C:\Program Files\Android\Android Studio\jre\jre\lib\ext\jaccess.jar;C:\Program Files\Android\Android Studio\jre\jre\lib\ext\localedata.jar;C:\Program Files\Android\Android Studio\jre\jre\lib\ext\nashorn.jar;C:\Program Files\Android\Android Studio\jre\jre\lib\ext\sunec.jar;C:\Program Files\Android\Android Studio\jre\jre\lib\ext\sunjce_provider.jar;C:\Program Files\Android\Android Studio\jre\jre\lib\ext\sunmscapi.jar;C:\Program Files\Android\Android Studio\jre\jre\lib\ext\sunpkcs11.jar;C:\Program Files\Android\Android Studio\jre\jre\lib\ext\zipfs.jar;C:\Program Files\Android\Android Studio\jre\jre\lib\jce.jar;C:\Program Files\Android\Android Studio\jre\jre\lib\jsse.jar;C:\Program Files\Android\Android Studio\jre\jre\lib\management-agent.jar;C:\Program Files\Android\Android Studio\jre\jre\lib\resources.jar;C:\Program Files\Android\Android Studio\jre\jre\lib\rt.jar;C:\Users\Erick Bautista\Documents\KaliSad\Proyectos de Videojuegos\NaughtyScape\desktop\build\classes\java\main;C:\Users\Erick Bautista\Documents\KaliSad\Proyectos de Videojuegos\NaughtyScape\core\build\classes\java\main;C:\Users\Erick Bautista\.gradle\caches\modules-2\files-2.1\com.badlogicgames.gdx\gdx-backend-lwjgl\1.9.8\b7c138f14ed67ad830ae7597da3d86ae02b20eee\gdx-backend-lwjgl-1.9.8.jar;C:\Users\Erick Bautista\.gradle\caches\modules-2\files-2.1\com.badlogicgames.gdx\gdx-platform\1.9.8\604a2ef2c7c92a5900114757cbd3fb4dcbb8270c\gdx-platform-1.9.8-natives-desktop.jar;C:\Users\Erick Bautista\.gradle\caches\modules-2\files-2.1\com.badlogicgames.gdx\gdx-box2d-platform\1.9.8\3195b56f82751d7cd7de85edb6824d17bf479781\gdx-box2d-platform-1.9.8-natives-desktop.jar;C:\Users\Erick Bautista\.gradle\caches\modules-2\file
Launcher Type: SUN_STANDARD

Environment Variables:
PATH=C:\Program Files (x86)\Common Files\Oracle\Java\javapath;C:\Windows\system32;C:\Windows;C:\Windows\System32\Wbem;C:\Windows\System32\WindowsPowerShell\v1.0\;C:\Program Files\Microsoft VS Code\bin;C:\Program Files (x86)\Microsoft SQL Server\Client SDK\ODBC\130\Tools\Binn\;C:\Program Files (x86)\Microsoft SQL Server\140\Tools\Binn\;C:\Program Files (x86)\Microsoft SQL Server\140\DTS\Binn\;C:\Program Files (x86)\Microsoft SQL Server\140\Tools\Binn\ManagementStudio\;C:\Program Files\Microsoft SQL Server\Client SDK\ODBC\130\Tools\Binn\;C:\Program Files\Microsoft SQL Server\140\Tools\Binn\;C:\Program Files\Microsoft SQL Server\140\DTS\Binn\;C:\Program Files\nodejs\;C:\Program Files\Git\cmd;C:\Program Files\NetMake\v9\components\php;C:\Users\Erick Bautista\AppData\Local\Programs\Python\Python36\Scripts\;C:\Users\Erick Bautista\AppData\Local\Programs\Python\Python36\;C:\Users\Erick Bautista\AppData\Local\Programs\Microsoft VS Code\bin;C:\Users\Erick Bautista\AppData\Roaming\npm
USERNAME=Erick Bautista
OS=Windows_NT
PROCESSOR_IDENTIFIER=Intel64 Family 6 Model 69 Stepping 1, GenuineIntel



---------------  S Y S T E M  ---------------

OS: Windows 8.1 , 64 bit Build 9600 (6.3.9600.17415)

CPU:total 4 (initial active 4) (2 cores per cpu, 2 threads per core) family 6 model 69 stepping 1, cmov, cx8, fxsr, mmx, sse, sse2, sse3, ssse3, sse4.1, sse4.2, popcnt, avx, avx2, aes, clmul, erms, lzcnt, ht, tsc, tscinvbit, bmi1, bmi2

Memory: 4k page, physical 8257644k(3104600k free), swap 16646252k(8927428k free)

vm_info: OpenJDK 64-Bit Server VM (25.152-b06) for windows-amd64 JRE (1.8.0_152-release-1136-b06), built by "builder" with MS VC++ 10.0 (VS2010)

time: Sat Nov 17 20:12:57 2018
elapsed time: 43 seconds (0d 0h 0m 43s)

