#
# A fatal error has been detected by the Java Runtime Environment:
#
#  EXCEPTION_ACCESS_VIOLATION (0xc0000005) at pc=0x0000000066bcbd0d, pid=11408, tid=0x0000000000004020
#
# JRE version: OpenJDK Runtime Environment (8.0_152-b06) (build 1.8.0_152-release-1136-b06)
# Java VM: OpenJDK 64-Bit Server VM (25.152-b06 mixed mode windows-amd64 compressed oops)
# Problematic frame:
# C  [gdx-box2d64.dll+0xbd0d]
#
# Failed to write core dump. Minidumps are not enabled by default on client versions of Windows
#
# If you would like to submit a bug report, please visit:
#   http://bugreport.java.com/bugreport/crash.jsp
# The crash happened outside the Java Virtual Machine in native code.
# See problematic frame for where to report the bug.
#

---------------  T H R E A D  ---------------

Current thread (0x0000000018e02000):  JavaThread "LWJGL Application" [_thread_in_native, id=16416, stack(0x0000000019b60000,0x0000000019c60000)]

siginfo: ExceptionCode=0xc0000005, reading address 0x000000201dba5730

Registers:
RAX=0x000000201dba5730, RBX=0x000000001db777c0, RCX=0x000000001db77790, RDX=0x00000000000000b8
RSP=0x0000000019c5e610, RBP=0x0000000000000006, RSI=0x000000001db77790, RDI=0x0000000019c5e6d0
R8 =0x000000001db77790, R9 =0x0000000000000002, R10=0x0000000000000000, R11=0x0000000000000001
R12=0x0000000000000000, R13=0x000000001684e798, R14=0x0000000019c5e8c0, R15=0x0000000018e02000
RIP=0x0000000066bcbd0d, EFLAGS=0x0000000000010206

Top of Stack: (sp=0x0000000019c5e610)
0x0000000019c5e610:   000000001684e798 0000000018e02000
0x0000000019c5e620:   00000000696cf678 00000000191a38c0
0x0000000019c5e630:   0000000000000012 000000001db77790
0x0000000019c5e640:   0000000016070480 0000000019c5e6d0
0x0000000019c5e650:   0000000019c5e818 0000000000000000
0x0000000019c5e660:   000000001684e798 0000000066be2483
0x0000000019c5e670:   0000000019c5e710 0000000019c5e710
0x0000000019c5e680:   0000000000000003 000000001684e798
0x0000000019c5e690:   0000000000000001 0000000016070480
0x0000000019c5e6a0:   0000000001ef7870 0000000066be8616
0x0000000019c5e6b0:   0000000000000000 0000000001ef7870
0x0000000019c5e6c0:   0000000019c5e818 0000000001ef54d8
0x0000000019c5e6d0:   400f1ebe00000002 000000004184d02a
0x0000000019c5e6e0:   0000000000000000 0000000000000000
0x0000000019c5e6f0:   0000010100000000 0000000019c5e801
0x0000000019c5e700:   0000000000000000 000000003f800000 

Instructions: (pc=0x0000000066bcbd0d)
0x0000000066bcbced:   48 8d 05 6c a3 05 00 0f b6 1c 18 80 fb 0d 0f b6
0x0000000066bcbcfd:   eb 77 21 48 8d 1c de 48 8b 43 10 48 85 c0 74 3a
0x0000000066bcbd0d:   48 8b 10 48 89 53 10 48 83 c4 28 5b 5e 5f 5d 41
0x0000000066bcbd1d:   5c 41 5d c3 48 8d 15 18 9e 04 00 48 8d 0d 99 9e 


Register to memory mapping:

RAX=0x000000201dba5730 is an unknown value
RBX=0x000000001db777c0 is an unknown value
RCX=0x000000001db77790 is an unknown value
RDX=0x00000000000000b8 is an unknown value
RSP=0x0000000019c5e610 is pointing into the stack for thread: 0x0000000018e02000
RBP=0x0000000000000006 is an unknown value
RSI=0x000000001db77790 is an unknown value
RDI=0x0000000019c5e6d0 is pointing into the stack for thread: 0x0000000018e02000
R8 =0x000000001db77790 is an unknown value
R9 =0x0000000000000002 is an unknown value
R10=0x0000000000000000 is an unknown value
R11=0x0000000000000001 is an unknown value
R12=0x0000000000000000 is an unknown value
R13={method} {0x000000001684e7a0} 'jniCreateBody' '(JIFFFFFFFFZZZZZF)J' in 'com/badlogic/gdx/physics/box2d/World'
R14=0x0000000019c5e8c0 is pointing into the stack for thread: 0x0000000018e02000
R15=0x0000000018e02000 is a thread


Stack: [0x0000000019b60000,0x0000000019c60000],  sp=0x0000000019c5e610,  free space=1017k
Native frames: (J=compiled Java code, j=interpreted, Vv=VM code, C=native code)
C  [gdx-box2d64.dll+0xbd0d]
C  [gdx-box2d64.dll+0x22483]
C  [gdx-box2d64.dll+0x28616]
C  0x0000000001f089a7

Java frames: (J=compiled Java code, j=interpreted, Vv=VM code)
j  com.badlogic.gdx.physics.box2d.World.jniCreateBody(JIFFFFFFFFZZZZZF)J+0
j  com.badlogic.gdx.physics.box2d.World.createBody(Lcom/badlogic/gdx/physics/box2d/BodyDef;)Lcom/badlogic/gdx/physics/box2d/Body;+80
j  mx.itesm.naughty.Sprites.Items.Bala.defineFireBall()V+67
j  mx.itesm.naughty.Sprites.Items.Bala.<init>(Lmx/itesm/naughty/Screens/PlayScreen;FFZ)V+107
j  mx.itesm.naughty.Sprites.Player.fire()V+44
j  mx.itesm.naughty.Screens.PlayScreen$5.touchDown(Lcom/badlogic/gdx/scenes/scene2d/InputEvent;FFII)Z+20
J 1554 C1 com.badlogic.gdx.scenes.scene2d.InputListener.handle(Lcom/badlogic/gdx/scenes/scene2d/Event;)Z (320 bytes) @ 0x00000000024f306c [0x00000000024f1ec0+0x11ac]
J 1282 C1 com.badlogic.gdx.scenes.scene2d.Actor.notify(Lcom/badlogic/gdx/scenes/scene2d/Event;Z)Z (180 bytes) @ 0x00000000023bffc4 [0x00000000023bf780+0x844]
J 1677 C1 com.badlogic.gdx.scenes.scene2d.Actor.fire(Lcom/badlogic/gdx/scenes/scene2d/Event;)Z (294 bytes) @ 0x000000000256ee34 [0x000000000256dc80+0x11b4]
j  com.badlogic.gdx.scenes.scene2d.Stage.touchDown(IIII)Z+165
J 1583 C1 com.badlogic.gdx.backends.lwjgl.LwjglInput.processEvents()V (478 bytes) @ 0x000000000250c664 [0x000000000250b7a0+0xec4]
j  com.badlogic.gdx.backends.lwjgl.LwjglApplication.mainLoop()V+600
j  com.badlogic.gdx.backends.lwjgl.LwjglApplication$1.run()V+27
v  ~StubRoutines::call_stub

---------------  P R O C E S S  ---------------

Java Threads: ( => current thread )
  0x000000001843f000 JavaThread "AsynchExecutor-Thread" daemon [_thread_blocked, id=15476, stack(0x000000001eda0000,0x000000001eea0000)]
  0x00000000191cc000 JavaThread "LWJGL Timer" daemon [_thread_blocked, id=9604, stack(0x000000001d910000,0x000000001da10000)]
  0x00000000191c3000 JavaThread "AsynchExecutor-Thread" daemon [_thread_blocked, id=4748, stack(0x000000001d810000,0x000000001d910000)]
  0x0000000001df4800 JavaThread "DestroyJavaVM" [_thread_blocked, id=16168, stack(0x0000000001b70000,0x0000000001c70000)]
=>0x0000000018e02000 JavaThread "LWJGL Application" [_thread_in_native, id=16416, stack(0x0000000019b60000,0x0000000019c60000)]
  0x00000000181ea800 JavaThread "Service Thread" daemon [_thread_blocked, id=14556, stack(0x0000000018880000,0x0000000018980000)]
  0x000000001816c800 JavaThread "C1 CompilerThread2" daemon [_thread_blocked, id=5800, stack(0x0000000018780000,0x0000000018880000)]
  0x000000001815f800 JavaThread "C2 CompilerThread1" daemon [_thread_blocked, id=10064, stack(0x0000000018680000,0x0000000018780000)]
  0x000000001815d000 JavaThread "C2 CompilerThread0" daemon [_thread_blocked, id=16148, stack(0x0000000018580000,0x0000000018680000)]
  0x000000001815b800 JavaThread "Monitor Ctrl-Break" daemon [_thread_in_native, id=11460, stack(0x0000000018480000,0x0000000018580000)]
  0x0000000016a1b800 JavaThread "Attach Listener" daemon [_thread_blocked, id=12216, stack(0x0000000017f70000,0x0000000018070000)]
  0x0000000016a19800 JavaThread "Signal Dispatcher" daemon [_thread_blocked, id=10872, stack(0x0000000017e70000,0x0000000017f70000)]
  0x00000000169fd000 JavaThread "Finalizer" daemon [_thread_blocked, id=13484, stack(0x0000000017c70000,0x0000000017d70000)]
  0x0000000001ee6000 JavaThread "Reference Handler" daemon [_thread_blocked, id=3936, stack(0x0000000017b70000,0x0000000017c70000)]

Other Threads:
  0x00000000169d5000 VMThread [stack: 0x0000000017a70000,0x0000000017b70000] [id=16340]
  0x00000000181e3000 WatcherThread [stack: 0x0000000018980000,0x0000000018a80000] [id=9888]

VM state:not at safepoint (normal execution)

VM Mutex/Monitor currently owned by a thread: None

Heap:
 PSYoungGen      total 38400K, used 10713K [0x00000000d5f80000, 0x00000000d8a00000, 0x0000000100000000)
  eden space 33280K, 16% used [0x00000000d5f80000,0x00000000d64f7fe8,0x00000000d8000000)
  from space 5120K, 99% used [0x00000000d8000000,0x00000000d84fe690,0x00000000d8500000)
  to   space 5120K, 0% used [0x00000000d8500000,0x00000000d8500000,0x00000000d8a00000)
 ParOldGen       total 87552K, used 418K [0x0000000081e00000, 0x0000000087380000, 0x00000000d5f80000)
  object space 87552K, 0% used [0x0000000081e00000,0x0000000081e688e0,0x0000000087380000)
 Metaspace       used 10791K, capacity 11027K, committed 11392K, reserved 1058816K
  class space    used 1014K, capacity 1086K, committed 1152K, reserved 1048576K

Card table byte_map: [0x00000000112b0000,0x00000000116b0000] byte_map_base: 0x0000000010ea1000

Marking Bits: (ParMarkBitMap*) 0x0000000069895aa0
 Begin Bits: [0x0000000011d60000, 0x0000000013ce8000)
 End Bits:   [0x0000000013ce8000, 0x0000000015c70000)

Polling page: 0x00000000003c0000

CodeCache: size=245760Kb used=7106Kb max_used=7113Kb free=238653Kb
 bounds [0x0000000001ef0000, 0x00000000025f0000, 0x0000000010ef0000]
 total_blobs=2284 nmethods=1759 adapters=439
 compilation: enabled

Compilation events (10 events):
Event: 48.797 Thread 0x000000001816c800 1768       3       com.badlogic.gdx.math.RandomXS128::nextInt (8 bytes)
Event: 48.797 Thread 0x000000001816c800 nmethod 1768 0x00000000025cf4d0 code [0x00000000025cf640, 0x00000000025cf7e8]
Event: 48.797 Thread 0x000000001816c800 1769       3       com.badlogic.gdx.math.RandomXS128::nextLong (47 bytes)
Event: 48.799 Thread 0x000000001816c800 nmethod 1769 0x00000000025cee10 code [0x00000000025cefa0, 0x00000000025cf338]
Event: 48.799 Thread 0x000000001816c800 1770       3       com.badlogic.gdx.math.RandomXS128::nextLong (43 bytes)
Event: 48.799 Thread 0x000000001816c800 nmethod 1770 0x00000000025cea90 code [0x00000000025cebe0, 0x00000000025ced70]
Event: 49.862 Thread 0x000000001815f800 1771       4       java.io.BufferedInputStream::getBufIfOpen (21 bytes)
Event: 49.864 Thread 0x000000001815f800 nmethod 1771 0x0000000002504510 code [0x0000000002504640, 0x00000000025046b8]
Event: 49.945 Thread 0x000000001816c800 1772       3       com.badlogic.gdx.physics.box2d.World::contactFilter (144 bytes)
Event: 49.948 Thread 0x000000001816c800 nmethod 1772 0x00000000025ccc10 code [0x00000000025cce20, 0x00000000025cd7c8]

GC Heap History (2 events):
Event: 8.105 GC heap before
{Heap before GC invocations=1 (full 0):
 PSYoungGen      total 38400K, used 33280K [0x00000000d5f80000, 0x00000000d8a00000, 0x0000000100000000)
  eden space 33280K, 100% used [0x00000000d5f80000,0x00000000d8000000,0x00000000d8000000)
  from space 5120K, 0% used [0x00000000d8500000,0x00000000d8500000,0x00000000d8a00000)
  to   space 5120K, 0% used [0x00000000d8000000,0x00000000d8000000,0x00000000d8500000)
 ParOldGen       total 87552K, used 0K [0x0000000081e00000, 0x0000000087380000, 0x00000000d5f80000)
  object space 87552K, 0% used [0x0000000081e00000,0x0000000081e00000,0x0000000087380000)
 Metaspace       used 9104K, capacity 9215K, committed 9344K, reserved 1058816K
  class space    used 863K, capacity 884K, committed 896K, reserved 1048576K
Event: 8.125 GC heap after
Heap after GC invocations=1 (full 0):
 PSYoungGen      total 38400K, used 5113K [0x00000000d5f80000, 0x00000000d8a00000, 0x0000000100000000)
  eden space 33280K, 0% used [0x00000000d5f80000,0x00000000d5f80000,0x00000000d8000000)
  from space 5120K, 99% used [0x00000000d8000000,0x00000000d84fe690,0x00000000d8500000)
  to   space 5120K, 0% used [0x00000000d8500000,0x00000000d8500000,0x00000000d8a00000)
 ParOldGen       total 87552K, used 418K [0x0000000081e00000, 0x0000000087380000, 0x00000000d5f80000)
  object space 87552K, 0% used [0x0000000081e00000,0x0000000081e688e0,0x0000000087380000)
 Metaspace       used 9104K, capacity 9215K, committed 9344K, reserved 1058816K
  class space    used 863K, capacity 884K, committed 896K, reserved 1048576K
}

Deoptimization events (10 events):
Event: 11.533 Thread 0x0000000018e02000 Uncommon trap: reason=array_check action=maybe_recompile pc=0x0000000002423e0c method=com.badlogic.gdx.utils.Array.add(Ljava/lang/Object;)V @ 46
Event: 11.984 Thread 0x0000000018e02000 Uncommon trap: reason=unstable_if action=reinterpret pc=0x00000000023d8ab0 method=javazoom.jl.decoder.LayerIIIDecoder.antialias(II)V @ 21
Event: 13.031 Thread 0x0000000018e02000 Uncommon trap: reason=array_check action=maybe_recompile pc=0x0000000002423e0c method=com.badlogic.gdx.utils.Array.add(Ljava/lang/Object;)V @ 46
Event: 13.031 Thread 0x0000000018e02000 Uncommon trap: reason=array_check action=maybe_recompile pc=0x0000000002423e0c method=com.badlogic.gdx.utils.Array.add(Ljava/lang/Object;)V @ 46
Event: 15.613 Thread 0x0000000018e02000 Uncommon trap: reason=unstable_if action=reinterpret pc=0x0000000002515c50 method=mx.itesm.naughty.Sprites.Enemies.DeathGul.update(F)V @ 14
Event: 15.613 Thread 0x0000000018e02000 Uncommon trap: reason=unstable_if action=reinterpret pc=0x0000000002519498 method=mx.itesm.naughty.Sprites.Enemies.DeathGul.draw(Lcom/badlogic/gdx/graphics/g2d/Batch;)V @ 4
Event: 19.424 Thread 0x0000000018e02000 Uncommon trap: reason=unstable_if action=reinterpret pc=0x000000000253a37c method=org.lwjgl.opengl.Sync.sync(I)V @ 30
Event: 27.901 Thread 0x0000000018e02000 Uncommon trap: reason=unstable_if action=reinterpret pc=0x000000000258608c method=mx.itesm.naughty.Screens.PlayScreen.render(F)V @ 196
Event: 30.253 Thread 0x0000000018e02000 Uncommon trap: reason=null_assert action=make_not_entrant pc=0x00000000025769bc method=mx.itesm.naughty.Sprites.Player.update(F)V @ 70
Event: 30.253 Thread 0x0000000018e02000 Uncommon trap: reason=unstable_if action=reinterpret pc=0x000000000251849c method=com.badlogic.gdx.graphics.g2d.Animation.getKeyFrameIndex(F)I @ 6

Classes redefined (0 events):
No events

Internal exceptions (10 events):
Event: 1.227 Thread 0x0000000001df4800 Exception <a 'java/security/PrivilegedActionException'> (0x00000000d6439fa8) thrown at [D:\src\AOSP-openjdk-cygwin\jdk8u\hotspot\src\share\vm\prims\jvm.cpp, line 1390]
Event: 1.227 Thread 0x0000000001df4800 Exception <a 'java/security/PrivilegedActionException'> (0x00000000d643a1b8) thrown at [D:\src\AOSP-openjdk-cygwin\jdk8u\hotspot\src\share\vm\prims\jvm.cpp, line 1390]
Event: 2.564 Thread 0x0000000001df4800 Exception <a 'java/security/PrivilegedActionException'> (0x00000000d66d1e98) thrown at [D:\src\AOSP-openjdk-cygwin\jdk8u\hotspot\src\share\vm\prims\jvm.cpp, line 1390]
Event: 2.565 Thread 0x0000000001df4800 Exception <a 'java/security/PrivilegedActionException'> (0x00000000d66d3b70) thrown at [D:\src\AOSP-openjdk-cygwin\jdk8u\hotspot\src\share\vm\prims\jvm.cpp, line 1390]
Event: 2.565 Thread 0x0000000001df4800 Exception <a 'java/security/PrivilegedActionException'> (0x00000000d66d4ce0) thrown at [D:\src\AOSP-openjdk-cygwin\jdk8u\hotspot\src\share\vm\prims\jvm.cpp, line 1390]
Event: 2.566 Thread 0x0000000001df4800 Exception <a 'java/security/PrivilegedActionException'> (0x00000000d66da220) thrown at [D:\src\AOSP-openjdk-cygwin\jdk8u\hotspot\src\share\vm\prims\jvm.cpp, line 1390]
Event: 2.566 Thread 0x0000000001df4800 Exception <a 'java/security/PrivilegedActionException'> (0x00000000d66dae78) thrown at [D:\src\AOSP-openjdk-cygwin\jdk8u\hotspot\src\share\vm\prims\jvm.cpp, line 1390]
Event: 2.566 Thread 0x0000000001df4800 Exception <a 'java/security/PrivilegedActionException'> (0x00000000d66dbaa0) thrown at [D:\src\AOSP-openjdk-cygwin\jdk8u\hotspot\src\share\vm\prims\jvm.cpp, line 1390]
Event: 8.342 Thread 0x0000000018e02000 Exception <a 'java/lang/NoSuchFieldError': method resolution failed> (0x00000000d6185770) thrown at [D:\src\AOSP-openjdk-cygwin\jdk8u\hotspot\src\share\vm\prims\methodHandles.cpp, line 1167]
Event: 8.349 Thread 0x0000000018e02000 Exception <a 'java/lang/NoSuchFieldError': method resolution failed> (0x00000000d61936d0) thrown at [D:\src\AOSP-openjdk-cygwin\jdk8u\hotspot\src\share\vm\prims\methodHandles.cpp, line 1167]

Events (10 events):
Event: 27.901 Thread 0x0000000018e02000 DEOPT PACKING pc=0x000000000258608c sp=0x0000000019c5eda0
Event: 27.901 Thread 0x0000000018e02000 DEOPT UNPACKING pc=0x0000000001f3557b sp=0x0000000019c5eda0 mode 2
Event: 30.248 loading class mx/itesm/naughty/Sprites/Items/Bala
Event: 30.248 loading class mx/itesm/naughty/Sprites/Items/Bala done
Event: 30.253 Thread 0x0000000018e02000 Uncommon trap: trap_request=0xffffffec fr.pc=0x00000000025769bc
Event: 30.253 Thread 0x0000000018e02000 DEOPT PACKING pc=0x00000000025769bc sp=0x0000000019c5eb90
Event: 30.253 Thread 0x0000000018e02000 DEOPT UNPACKING pc=0x0000000001f3557b sp=0x0000000019c5eb18 mode 2
Event: 30.253 Thread 0x0000000018e02000 Uncommon trap: trap_request=0xffffff65 fr.pc=0x000000000251849c
Event: 30.253 Thread 0x0000000018e02000 DEOPT PACKING pc=0x000000000251849c sp=0x0000000019c5ea80
Event: 30.253 Thread 0x0000000018e02000 DEOPT UNPACKING pc=0x0000000001f3557b sp=0x0000000019c5e948 mode 2


Dynamic libraries:
0x00007ff71abe0000 - 0x00007ff71ac11000 	C:\Program Files\Android\Android Studio\jre\bin\java.exe
0x00007ffb312b0000 - 0x00007ffb3145c000 	C:\Windows\SYSTEM32\ntdll.dll
0x00007ffb2feb0000 - 0x00007ffb2ffee000 	C:\Windows\system32\KERNEL32.DLL
0x00007ffb2e530000 - 0x00007ffb2e645000 	C:\Windows\system32\KERNELBASE.dll
0x00007ffb30e30000 - 0x00007ffb30eda000 	C:\Windows\system32\ADVAPI32.dll
0x00007ffb30430000 - 0x00007ffb305a7000 	C:\Windows\system32\USER32.dll
0x00007ffb2bdf0000 - 0x00007ffb2c06b000 	C:\Windows\WinSxS\amd64_microsoft.windows.common-controls_6595b64144ccf1df_6.0.9600.17415_none_6240486fecbd8abb\COMCTL32.dll
0x00007ffb305c0000 - 0x00007ffb3066a000 	C:\Windows\system32\msvcrt.dll
0x00007ffb30ee0000 - 0x00007ffb30f39000 	C:\Windows\SYSTEM32\sechost.dll
0x00007ffb308d0000 - 0x00007ffb30a11000 	C:\Windows\system32\RPCRT4.dll
0x00007ffb30140000 - 0x00007ffb30291000 	C:\Windows\system32\GDI32.dll
0x00007ffb30f40000 - 0x00007ffb30f76000 	C:\Windows\system32\IMM32.DLL
0x00007ffb302d0000 - 0x00007ffb30423000 	C:\Windows\system32\MSCTF.dll
0x00007ffb2d660000 - 0x00007ffb2d692000 	C:\Windows\SYSTEM32\ntmarta.dll
0x00007ffb2e2a0000 - 0x00007ffb2e2ce000 	C:\Windows\SYSTEM32\SspiCli.dll
0x0000000069d10000 - 0x0000000069de2000 	C:\Program Files\Android\Android Studio\jre\jre\bin\msvcr100.dll
0x00000000690d0000 - 0x0000000069911000 	C:\Program Files\Android\Android Studio\jre\jre\bin\server\jvm.dll
0x00007ffb186e0000 - 0x00007ffb186e9000 	C:\Windows\SYSTEM32\WSOCK32.dll
0x00007ffb27f70000 - 0x00007ffb27f92000 	C:\Windows\SYSTEM32\WINMM.dll
0x00007ffb29ab0000 - 0x00007ffb29aba000 	C:\Windows\SYSTEM32\VERSION.dll
0x00007ffb302c0000 - 0x00007ffb302c7000 	C:\Windows\system32\PSAPI.DLL
0x00007ffb31130000 - 0x00007ffb3118a000 	C:\Windows\system32\WS2_32.dll
0x00007ffb27c70000 - 0x00007ffb27c9a000 	C:\Windows\SYSTEM32\WINMMBASE.dll
0x00007ffb30a20000 - 0x00007ffb30a29000 	C:\Windows\system32\NSI.dll
0x00007ffb2e650000 - 0x00007ffb2e69f000 	C:\Windows\SYSTEM32\cfgmgr32.dll
0x00007ffb2d1d0000 - 0x00007ffb2d1f8000 	C:\Windows\SYSTEM32\DEVOBJ.dll
0x00007ffb1f070000 - 0x00007ffb1f07f000 	C:\Program Files\Android\Android Studio\jre\jre\bin\verify.dll
0x00007ffb1d190000 - 0x00007ffb1d1b9000 	C:\Program Files\Android\Android Studio\jre\jre\bin\java.dll
0x00007ffb1b440000 - 0x00007ffb1b463000 	C:\Program Files\Android\Android Studio\jre\jre\bin\instrument.dll
0x00007ffb1d150000 - 0x00007ffb1d166000 	C:\Program Files\Android\Android Studio\jre\jre\bin\zip.dll
0x00007ffb2e990000 - 0x00007ffb2fea9000 	C:\Windows\system32\SHELL32.dll
0x00007ffb30a30000 - 0x00007ffb30c41000 	C:\Windows\SYSTEM32\combase.dll
0x00007ffb2e930000 - 0x00007ffb2e984000 	C:\Windows\system32\SHLWAPI.dll
0x00007ffb2c9a0000 - 0x00007ffb2ca52000 	C:\Windows\SYSTEM32\SHCORE.dll
0x00007ffb2e400000 - 0x00007ffb2e415000 	C:\Windows\SYSTEM32\profapi.dll
0x00007ffb1d0e0000 - 0x00007ffb1d0fa000 	C:\Program Files\Android\Android Studio\bin\breakgen64.dll
0x00007ffb1d120000 - 0x00007ffb1d13a000 	C:\Program Files\Android\Android Studio\jre\jre\bin\net.dll
0x00007ffb2dce0000 - 0x00007ffb2dd39000 	C:\Windows\system32\mswsock.dll
0x0000000065580000 - 0x0000000065616000 	C:\Users\Erick Bautista\AppData\Local\Temp\libgdxErick Bautista\12dfaa03\gdx64.dll
0x00007ffb2dd40000 - 0x00007ffb2dd60000 	C:\Windows\SYSTEM32\CRYPTSP.dll
0x00007ffb2d910000 - 0x00007ffb2d946000 	C:\Windows\system32\rsaenh.dll
0x00007ffb2df90000 - 0x00007ffb2dfb6000 	C:\Windows\SYSTEM32\bcrypt.dll
0x00007ffb2da20000 - 0x00007ffb2da41000 	C:\Windows\SYSTEM32\USERENV.dll
0x00007ffb2e2d0000 - 0x00007ffb2e333000 	C:\Windows\system32\bcryptprimitives.dll
0x00007ffb2e340000 - 0x00007ffb2e34b000 	C:\Windows\SYSTEM32\CRYPTBASE.dll
0x00007ffb28590000 - 0x00007ffb285ba000 	C:\Windows\SYSTEM32\IPHLPAPI.DLL
0x00007ffb28570000 - 0x00007ffb2857a000 	C:\Windows\SYSTEM32\WINNSI.DLL
0x00007ffb27ca0000 - 0x00007ffb27cb6000 	C:\Windows\SYSTEM32\dhcpcsvc6.DLL
0x00007ffb27f50000 - 0x00007ffb27f6a000 	C:\Windows\SYSTEM32\dhcpcsvc.DLL
0x00007ffb1d100000 - 0x00007ffb1d111000 	C:\Program Files\Android\Android Studio\jre\jre\bin\nio.dll
0x0000000180000000 - 0x0000000180053000 	C:\Users\Erick Bautista\AppData\Local\Temp\libgdxErick Bautista\dc0f0009\lwjgl64.dll
0x00007ffb19230000 - 0x00007ffb1935b000 	C:\Windows\SYSTEM32\OPENGL32.dll
0x00007ffb19200000 - 0x00007ffb1922e000 	C:\Windows\SYSTEM32\GLU32.dll
0x00007ffb19100000 - 0x00007ffb191f8000 	C:\Windows\SYSTEM32\DDRAW.dll
0x00007ffb190f0000 - 0x00007ffb190f9000 	C:\Windows\SYSTEM32\DCIMAN32.dll
0x00000000195b0000 - 0x0000000019614000 	C:\Users\ERICKB~1\AppData\Local\Temp\libgdxErick Bautista\dc0f0009\OpenAL64.dll
0x00007ffb30670000 - 0x00007ffb30804000 	C:\Windows\system32\ole32.dll
0x00007ffb2d200000 - 0x00007ffb2d20b000 	C:\Windows\SYSTEM32\kernel.appcore.dll
0x00007ffb2d020000 - 0x00007ffb2d149000 	C:\Windows\system32\uxtheme.dll
0x00007ffb30810000 - 0x00007ffb308c6000 	C:\Windows\SYSTEM32\clbcatq.dll
0x00007ffb0ba70000 - 0x00007ffb0bb0d000 	C:\Windows\SYSTEM32\dsound.dll
0x00007ffb2da50000 - 0x00007ffb2da96000 	C:\Windows\SYSTEM32\POWRPROF.dll
0x00007ffb2b700000 - 0x00007ffb2b770000 	C:\Windows\System32\MMDevApi.dll
0x00007ffb27980000 - 0x00007ffb279fe000 	C:\Windows\SYSTEM32\AUDIOSES.DLL
0x00007ffb30070000 - 0x00007ffb30131000 	C:\Windows\system32\OLEAUT32.dll
0x00007ffb2c7a0000 - 0x00007ffb2c7c1000 	C:\Windows\system32\dwmapi.dll
0x00007ffb09ec0000 - 0x00007ffb0a7ef000 	C:\Windows\SYSTEM32\ig75icd64.dll
0x00007ffb28d70000 - 0x00007ffb29755000 	C:\Windows\SYSTEM32\igdusc64.dll
0x00007ffb2b9f0000 - 0x00007ffb2ba02000 	C:\Windows\SYSTEM32\WTSAPI32.dll
0x00007ffb248e0000 - 0x00007ffb24972000 	C:\Windows\SYSTEM32\mscms.dll
0x00007ffb1b140000 - 0x00007ffb1b181000 	C:\Windows\SYSTEM32\icm32.dll
0x0000000066bc0000 - 0x0000000066c7b000 	C:\Users\Erick Bautista\AppData\Local\Temp\libgdxErick Bautista\54593449\gdx-box2d64.dll
0x00007ffb153b0000 - 0x00007ffb1553a000 	C:\Windows\SYSTEM32\dbghelp.dll

VM Arguments:
jvm_args: -javaagent:C:\Program Files\Android\Android Studio\lib\idea_rt.jar=49305:C:\Program Files\Android\Android Studio\bin -Dfile.encoding=UTF-8 
java_command: mx.itesm.naughty.desktop.DesktopLauncher
java_class_path (initial): C:\Program Files\Android\Android Studio\jre\jre\lib\charsets.jar;C:\Program Files\Android\Android Studio\jre\jre\lib\ext\access-bridge-64.jar;C:\Program Files\Android\Android Studio\jre\jre\lib\ext\cldrdata.jar;C:\Program Files\Android\Android Studio\jre\jre\lib\ext\dnsns.jar;C:\Program Files\Android\Android Studio\jre\jre\lib\ext\jaccess.jar;C:\Program Files\Android\Android Studio\jre\jre\lib\ext\localedata.jar;C:\Program Files\Android\Android Studio\jre\jre\lib\ext\nashorn.jar;C:\Program Files\Android\Android Studio\jre\jre\lib\ext\sunec.jar;C:\Program Files\Android\Android Studio\jre\jre\lib\ext\sunjce_provider.jar;C:\Program Files\Android\Android Studio\jre\jre\lib\ext\sunmscapi.jar;C:\Program Files\Android\Android Studio\jre\jre\lib\ext\sunpkcs11.jar;C:\Program Files\Android\Android Studio\jre\jre\lib\ext\zipfs.jar;C:\Program Files\Android\Android Studio\jre\jre\lib\jce.jar;C:\Program Files\Android\Android Studio\jre\jre\lib\jsse.jar;C:\Program Files\Android\Android Studio\jre\jre\lib\management-agent.jar;C:\Program Files\Android\Android Studio\jre\jre\lib\resources.jar;C:\Program Files\Android\Android Studio\jre\jre\lib\rt.jar;C:\Users\Erick Bautista\Documents\KaliSad\Proyectos de Videojuegos\NaughtyScape\desktop\build\classes\java\main;C:\Users\Erick Bautista\Documents\KaliSad\Proyectos de Videojuegos\NaughtyScape\core\build\classes\java\main;C:\Users\Erick Bautista\.gradle\caches\modules-2\files-2.1\com.badlogicgames.gdx\gdx-backend-lwjgl\1.9.8\b7c138f14ed67ad830ae7597da3d86ae02b20eee\gdx-backend-lwjgl-1.9.8.jar;C:\Users\Erick Bautista\.gradle\caches\modules-2\files-2.1\com.badlogicgames.gdx\gdx-platform\1.9.8\604a2ef2c7c92a5900114757cbd3fb4dcbb8270c\gdx-platform-1.9.8-natives-desktop.jar;C:\Users\Erick Bautista\.gradle\caches\modules-2\files-2.1\com.badlogicgames.gdx\gdx-box2d-platform\1.9.8\3195b56f82751d7cd7de85edb6824d17bf479781\gdx-box2d-platform-1.9.8-natives-desktop.jar;C:\Users\Erick Bautista\.gradle\caches\modules-2\file
Launcher Type: SUN_STANDARD

Environment Variables:
PATH=C:\Program Files (x86)\Common Files\Oracle\Java\javapath;C:\Windows\system32;C:\Windows;C:\Windows\System32\Wbem;C:\Windows\System32\WindowsPowerShell\v1.0\;C:\Program Files\Microsoft VS Code\bin;C:\Program Files (x86)\Microsoft SQL Server\Client SDK\ODBC\130\Tools\Binn\;C:\Program Files (x86)\Microsoft SQL Server\140\Tools\Binn\;C:\Program Files (x86)\Microsoft SQL Server\140\DTS\Binn\;C:\Program Files (x86)\Microsoft SQL Server\140\Tools\Binn\ManagementStudio\;C:\Program Files\Microsoft SQL Server\Client SDK\ODBC\130\Tools\Binn\;C:\Program Files\Microsoft SQL Server\140\Tools\Binn\;C:\Program Files\Microsoft SQL Server\140\DTS\Binn\;C:\Program Files\nodejs\;C:\Program Files\Git\cmd;C:\Program Files\NetMake\v9\components\php;C:\Users\Erick Bautista\AppData\Local\Programs\Python\Python36\Scripts\;C:\Users\Erick Bautista\AppData\Local\Programs\Python\Python36\;C:\Users\Erick Bautista\AppData\Local\Programs\Microsoft VS Code\bin;C:\Users\Erick Bautista\AppData\Roaming\npm
USERNAME=Erick Bautista
OS=Windows_NT
PROCESSOR_IDENTIFIER=Intel64 Family 6 Model 69 Stepping 1, GenuineIntel



---------------  S Y S T E M  ---------------

OS: Windows 8.1 , 64 bit Build 9600 (6.3.9600.17415)

CPU:total 4 (initial active 4) (2 cores per cpu, 2 threads per core) family 6 model 69 stepping 1, cmov, cx8, fxsr, mmx, sse, sse2, sse3, ssse3, sse4.1, sse4.2, popcnt, avx, avx2, aes, clmul, erms, lzcnt, ht, tsc, tscinvbit, bmi1, bmi2

Memory: 4k page, physical 8257644k(1127776k free), swap 16646252k(5435828k free)

vm_info: OpenJDK 64-Bit Server VM (25.152-b06) for windows-amd64 JRE (1.8.0_152-release-1136-b06), built by "builder" with MS VC++ 10.0 (VS2010)

time: Tue Nov 20 15:30:55 2018
elapsed time: 50 seconds (0d 0h 0m 50s)

